2025-10-27 19:57:49,775 [INFO] Activator:176 - 


2025-10-27 19:57:49,776 [INFO] Activator:177 - !SESSION log4j initialized
2025-10-27 19:57:51,023 [INFO] LogOutputStream:77 - [STDOUT_REDIRECT] 
2025-10-27 19:57:55,041 [INFO] ApplicationProperties:184 - Using Application install path: /opt/st/stm32cubeide_1.19.0/plugins/com.st.stm32cube.common.mx_6.15.0.202507011659
2025-10-27 19:57:55,051 [INFO] DbMcusXml:78 - Set database path to: /opt/st/stm32cubeide_1.19.0/plugins/com.st.stm32cube.common.mx_6.15.0.202507011659//db//mcu/
2025-10-27 19:57:55,052 [INFO] ApiDb:274 - Set plugin database path to: /opt/st/stm32cubeide_1.19.0/plugins/com.st.stm32cube.common.mx_6.15.0.202507011659//db//plugins/boardmanager/
2025-10-27 19:57:55,052 [WARN] ApiDb:259 - Overriding images path with different value:  => /opt/st/stm32cubeide_1.19.0/plugins/com.st.stm32cube.common.mx_6.15.0.202507011659//db//plugins/mcufinder/images/
2025-10-27 19:57:55,054 [INFO] ApiDb:250 - Set database path to: /home/minhquoc/.stmcufinder/plugins/mcufinder//mcu/
2025-10-27 19:57:55,055 [INFO] DbMcusAds:125 - Set database path to: /home/minhquoc/.stmcufinder/plugins/mcufinder//mcu/
2025-10-27 19:57:56,057 [INFO] CrossReferenceDbSqlite:203 - Set database path to: /home/minhquoc/.stmcufinder/plugins/mcufinder//mcu/cs/
2025-10-27 19:57:56,132 [INFO] RulesReader:64 - Compatibility file has been processed (317 Rules)
2025-10-27 19:57:56,165 [INFO] DbMcusXml:78 - Set database path to: /opt/st/stm32cubeide_1.19.0/plugins/com.st.stm32cube.common.mx_6.15.0.202507011659//db//mcu/
2025-10-27 19:57:56,165 [INFO] ApiDb:274 - Set plugin database path to: /opt/st/stm32cubeide_1.19.0/plugins/com.st.stm32cube.common.mx_6.15.0.202507011659//db//plugins/boardmanager/
2025-10-27 19:57:56,165 [INFO] ApiDb:261 - Set plugin images path to: /opt/st/stm32cubeide_1.19.0/plugins/com.st.stm32cube.common.mx_6.15.0.202507011659//db//plugins/mcufinder/images/
2025-10-27 19:57:56,165 [WARN] DbFile:41 - Overriding database path with different value: /home/minhquoc/.stmcufinder/plugins/mcufinder/ => /home/minhquoc/.stmcufinder/plugins/mcufinder
2025-10-27 19:57:56,165 [INFO] ApiDb:250 - Set database path to: /home/minhquoc/.stmcufinder/plugins/mcufinder//mcu/
2025-10-27 19:57:56,166 [WARN] DbFile:41 - Overriding database path with different value: /home/minhquoc/.stmcufinder/plugins/mcufinder/ => /home/minhquoc/.stmcufinder/plugins/mcufinder
2025-10-27 19:57:56,166 [INFO] DbMcusAds:125 - Set database path to: /home/minhquoc/.stmcufinder/plugins/mcufinder//mcu/
2025-10-27 19:57:56,166 [WARN] DbFile:41 - Overriding database path with different value: /home/minhquoc/.stmcufinder/plugins/mcufinder/ => /home/minhquoc/.stmcufinder/plugins/mcufinder
2025-10-27 19:57:56,166 [WARN] DbFile:41 - Overriding database path with different value: /home/minhquoc/.stmcufinder/plugins/mcufinder/ => /home/minhquoc/.stmcufinder/plugins/mcufinder
2025-10-27 19:57:57,167 [INFO] CrossReferenceDbSqlite:203 - Set database path to: /home/minhquoc/.stmcufinder/plugins/mcufinder//mcu/cs/
2025-10-27 19:57:57,208 [INFO] MainPanel:274 - HeapMemory: 268435456
2025-10-27 19:57:57,293 [INFO] DbMcusXml:78 - Set database path to: /opt/st/stm32cubeide_1.19.0/plugins/com.st.stm32cube.common.mx_6.15.0.202507011659//db//mcu/
2025-10-27 19:57:57,293 [INFO] ApiDb:274 - Set plugin database path to: /opt/st/stm32cubeide_1.19.0/plugins/com.st.stm32cube.common.mx_6.15.0.202507011659//db//plugins/boardmanager/
2025-10-27 19:57:57,294 [INFO] ApiDb:261 - Set plugin images path to: /opt/st/stm32cubeide_1.19.0/plugins/com.st.stm32cube.common.mx_6.15.0.202507011659//db//plugins/mcufinder/images/
2025-10-27 19:57:57,294 [WARN] DbFile:41 - Overriding database path with different value: /home/minhquoc/.stmcufinder/plugins/mcufinder/ => /home/minhquoc/.stmcufinder/plugins/mcufinder
2025-10-27 19:57:57,294 [INFO] ApiDb:250 - Set database path to: /home/minhquoc/.stmcufinder/plugins/mcufinder//mcu/
2025-10-27 19:57:57,294 [WARN] DbFile:41 - Overriding database path with different value: /home/minhquoc/.stmcufinder/plugins/mcufinder/ => /home/minhquoc/.stmcufinder/plugins/mcufinder
2025-10-27 19:57:57,294 [INFO] DbMcusAds:125 - Set database path to: /home/minhquoc/.stmcufinder/plugins/mcufinder//mcu/
2025-10-27 19:57:57,294 [WARN] DbFile:41 - Overriding database path with different value: /home/minhquoc/.stmcufinder/plugins/mcufinder/ => /home/minhquoc/.stmcufinder/plugins/mcufinder
2025-10-27 19:57:57,294 [WARN] DbFile:41 - Overriding database path with different value: /home/minhquoc/.stmcufinder/plugins/mcufinder/ => /home/minhquoc/.stmcufinder/plugins/mcufinder
2025-10-27 19:57:58,296 [INFO] CrossReferenceDbSqlite:203 - Set database path to: /home/minhquoc/.stmcufinder/plugins/mcufinder//mcu/cs/
2025-10-27 19:57:58,318 [INFO] ApplicationProperties:184 - Using Application install path: /opt/st/stm32cubeide_1.19.0/plugins/com.st.stm32cube.common.mx_6.15.0.202507011659
2025-10-27 19:57:58,320 [INFO] PluginManage:196 - Search for loadable plugins [exclusion list=, ]
2025-10-27 19:57:58,320 [INFO] PluginManage:310 - Check plugin analytics
2025-10-27 19:57:59,403 [INFO] AnalyticsPlugin:253 - Accepted Software Licenses: 
2025-10-27 19:57:59,403 [INFO] AnalyticsPlugin:255 - Accepted CMSIS Pack Licenses: 
2025-10-27 19:57:59,403 [INFO] AnalyticsPlugin:257 - Accepted Firmware Licenses: 
2025-10-27 19:57:59,404 [INFO] PluginManage:359 - Loaded plugin analytics (category:tool,tabindex:-1)
2025-10-27 19:57:59,404 [INFO] PluginManage:310 - Check plugin cadmodel
2025-10-27 19:57:59,406 [INFO] CADModel:105 - Init CAD model plugin
2025-10-27 19:57:59,406 [INFO] PluginManage:359 - Loaded plugin cadmodel (category:power,tabindex:5)
2025-10-27 19:57:59,407 [INFO] PluginManage:310 - Check plugin clock
2025-10-27 19:57:59,411 [INFO] PluginManage:359 - Loaded plugin clock (category:base,tabindex:2)
2025-10-27 19:57:59,411 [INFO] PluginManage:310 - Check plugin ddr
2025-10-27 19:57:59,412 [INFO] PluginManage:359 - Loaded plugin ddr (category:tool,tabindex:6)
2025-10-27 19:57:59,412 [INFO] PluginManage:310 - Check plugin filemanager
2025-10-27 19:57:59,523 [INFO] PluginManage:359 - Loaded plugin filemanager (category:base,tabindex:10)
2025-10-27 19:57:59,523 [INFO] PluginManage:310 - Check plugin ipmanager
2025-10-27 19:57:59,527 [INFO] PluginManage:359 - Loaded plugin ipmanager (category:base,tabindex:5)
2025-10-27 19:57:59,527 [INFO] PluginManage:310 - Check plugin lpbam
2025-10-27 19:57:59,532 [INFO] PluginManage:359 - Loaded plugin lpbam (category:base,tabindex:0)
2025-10-27 19:57:59,532 [INFO] PluginManage:310 - Check plugin memorymap
2025-10-27 19:57:59,538 [INFO] PluginManage:359 - Loaded plugin memorymap (category:base,tabindex:4)
2025-10-27 19:57:59,539 [INFO] PluginManage:310 - Check plugin pinoutandconfiguration
2025-10-27 19:57:59,542 [INFO] PluginManage:359 - Loaded plugin pinoutandconfiguration (category:base,tabindex:1)
2025-10-27 19:57:59,543 [INFO] PluginManage:310 - Check plugin pinoutconfig
2025-10-27 19:57:59,585 [WARN] SupportedApi:132 - Cannot load RTOS API schema: s4s-elt-must-match.1: The content of 'definitions' must match (annotation?, (simpleType | complexType)?, (unique | key | keyref)*)). A problem was found starting at: attribute.
2025-10-27 19:57:59,645 [INFO] PluginManage:359 - Loaded plugin pinoutconfig (category:base,tabindex:0)
2025-10-27 19:57:59,645 [INFO] PluginManage:310 - Check plugin power
2025-10-27 19:57:59,648 [INFO] PluginManage:359 - Loaded plugin power (category:power,tabindex:4)
2025-10-27 19:57:59,648 [INFO] PluginManage:310 - Check plugin projectmanager
2025-10-27 19:57:59,656 [INFO] PluginManage:359 - Loaded plugin projectmanager (category:projectmanager,tabindex:4)
2025-10-27 19:57:59,657 [INFO] PluginManage:310 - Check plugin rif
2025-10-27 19:57:59,661 [INFO] PluginManage:359 - Loaded plugin rif (category:base,tabindex:3)
2025-10-27 19:57:59,661 [INFO] PluginManage:310 - Check plugin thirdparty
2025-10-27 19:57:59,709 [INFO] PluginManage:359 - Loaded plugin thirdparty (category:base,tabindex:-1)
2025-10-27 19:57:59,709 [WARN] IntegrityCheckThread:84 - waiting for thirdparty lock release [integrity check]
2025-10-27 19:57:59,709 [INFO] PluginManage:310 - Check plugin tools
2025-10-27 19:57:59,709 [INFO] IntegrityCheckThread:86 - entering critical section [integrity check]
2025-10-27 19:57:59,709 [INFO] ThirdPartyUpdaterWithRetryManager:70 - Updater plugin not ready yet. [1/15]
2025-10-27 19:57:59,710 [INFO] PluginManage:359 - Loaded plugin tools (category:base,tabindex:7)
2025-10-27 19:57:59,710 [INFO] PluginManage:310 - Check plugin tutovideos
2025-10-27 19:57:59,803 [INFO] PluginManage:359 - Loaded plugin tutovideos (category:base,tabindex:-1)
2025-10-27 19:57:59,803 [INFO] PluginManage:310 - Check plugin updater
2025-10-27 19:57:59,815 [INFO] PluginManage:359 - Loaded plugin updater (category:base,tabindex:12)
2025-10-27 19:57:59,815 [INFO] PluginManage:310 - Check plugin userauth
2025-10-27 19:57:59,817 [INFO] UserAuth:118 - Init User Auth plugin
2025-10-27 19:57:59,818 [INFO] PluginManage:359 - Loaded plugin userauth (category:base,tabindex:14)
2025-10-27 19:57:59,818 [INFO] PluginManage:283 - PluginManage : Loaded plugins [18]
2025-10-27 19:57:59,923 [INFO] PinOutPanel:1589 - setPackage(No Configuration,No Configuration)
2025-10-27 19:57:59,958 [INFO] CADModel:165 - CPN selected for project level
2025-10-27 19:57:59,959 [INFO] CADModel:114 - Register for checkConnection events
2025-10-27 19:57:59,963 [INFO] IPUIPlugin:80 - create IPUIPlugin
2025-10-27 19:57:59,964 [INFO] PluginManager:220 - loadIPPluginJar : add fatfs
2025-10-27 19:57:59,967 [INFO] IPUIPlugin:80 - create IPUIPlugin
2025-10-27 19:57:59,967 [INFO] PluginManager:220 - loadIPPluginJar : add mdma
2025-10-27 19:57:59,969 [INFO] IPUIPlugin:80 - create IPUIPlugin
2025-10-27 19:57:59,969 [INFO] PluginManager:220 - loadIPPluginJar : add cryp
2025-10-27 19:57:59,970 [INFO] IPUIPlugin:80 - create IPUIPlugin
2025-10-27 19:57:59,970 [INFO] PluginManager:220 - loadIPPluginJar : add hash
2025-10-27 19:57:59,973 [INFO] IPUIPlugin:80 - create IPUIPlugin
2025-10-27 19:57:59,973 [INFO] PluginManager:220 - loadIPPluginJar : add adc
2025-10-27 19:57:59,975 [INFO] IPUIPlugin:80 - create IPUIPlugin
2025-10-27 19:57:59,975 [INFO] PluginManager:220 - loadIPPluginJar : add gic
2025-10-27 19:57:59,975 [INFO] IPUIPlugin:80 - create IPUIPlugin
2025-10-27 19:57:59,975 [INFO] PluginManager:220 - loadIPPluginJar : add genericplugin
2025-10-27 19:57:59,976 [INFO] IPUIPlugin:80 - create IPUIPlugin
2025-10-27 19:57:59,976 [INFO] PluginManager:220 - loadIPPluginJar : add tsc
2025-10-27 19:57:59,978 [INFO] IPUIPlugin:80 - create IPUIPlugin
2025-10-27 19:57:59,979 [INFO] PluginManager:220 - loadIPPluginJar : add plateformsettings
2025-10-27 19:57:59,982 [INFO] IPUIPlugin:80 - create IPUIPlugin
2025-10-27 19:57:59,982 [INFO] PluginManager:220 - loadIPPluginJar : add stm32_wpan
2025-10-27 19:57:59,983 [INFO] IPUIPlugin:80 - create IPUIPlugin
2025-10-27 19:57:59,983 [INFO] PluginManager:220 - loadIPPluginJar : add spi
2025-10-27 19:57:59,983 [INFO] IPUIPlugin:80 - create IPUIPlugin
2025-10-27 19:57:59,984 [INFO] PluginManager:220 - loadIPPluginJar : add can
2025-10-27 19:57:59,984 [INFO] IPUIPlugin:80 - create IPUIPlugin
2025-10-27 19:57:59,984 [INFO] PluginManager:220 - loadIPPluginJar : add usart
2025-10-27 19:57:59,986 [INFO] IPUIPlugin:80 - create IPUIPlugin
2025-10-27 19:57:59,986 [INFO] PluginManager:220 - loadIPPluginJar : add fmc
2025-10-27 19:57:59,987 [INFO] IPUIPlugin:80 - create IPUIPlugin
2025-10-27 19:57:59,987 [INFO] PluginManager:220 - loadIPPluginJar : add lorawan
2025-10-27 19:57:59,987 [INFO] IPUIPlugin:80 - create IPUIPlugin
2025-10-27 19:57:59,987 [INFO] PluginManager:220 - loadIPPluginJar : add comp
2025-10-27 19:57:59,988 [INFO] IPUIPlugin:80 - create IPUIPlugin
2025-10-27 19:57:59,988 [INFO] PluginManager:220 - loadIPPluginJar : add aes
2025-10-27 19:57:59,989 [INFO] IPUIPlugin:80 - create IPUIPlugin
2025-10-27 19:57:59,989 [INFO] PluginManager:220 - loadIPPluginJar : add ltdc
2025-10-27 19:57:59,989 [INFO] IPUIPlugin:80 - create IPUIPlugin
2025-10-27 19:57:59,989 [INFO] PluginManager:220 - loadIPPluginJar : add ts
2025-10-27 19:57:59,990 [INFO] IPUIPlugin:80 - create IPUIPlugin
2025-10-27 19:57:59,990 [INFO] PluginManager:220 - loadIPPluginJar : add i2s
2025-10-27 19:57:59,991 [INFO] IPUIPlugin:80 - create IPUIPlugin
2025-10-27 19:57:59,992 [INFO] PluginManager:220 - loadIPPluginJar : add ipddr
2025-10-27 19:57:59,992 [INFO] IPUIPlugin:80 - create IPUIPlugin
2025-10-27 19:57:59,992 [INFO] PluginManager:220 - loadIPPluginJar : add quadspi
2025-10-27 19:57:59,993 [INFO] IPUIPlugin:80 - create IPUIPlugin
2025-10-27 19:57:59,993 [INFO] PluginManager:220 - loadIPPluginJar : add ucpd
2025-10-27 19:57:59,994 [INFO] IPUIPlugin:80 - create IPUIPlugin
2025-10-27 19:57:59,994 [INFO] PluginManager:220 - loadIPPluginJar : add usbx
2025-10-27 19:57:59,995 [INFO] IPUIPlugin:80 - create IPUIPlugin
2025-10-27 19:57:59,995 [INFO] PluginManager:220 - loadIPPluginJar : add gfxmmu
2025-10-27 19:57:59,996 [INFO] IPUIPlugin:80 - create IPUIPlugin
2025-10-27 19:57:59,996 [INFO] PluginManager:220 - loadIPPluginJar : add i2c
2025-10-27 19:57:59,997 [INFO] IPUIPlugin:80 - create IPUIPlugin
2025-10-27 19:57:59,997 [INFO] PluginManager:220 - loadIPPluginJar : add dma3
2025-10-27 19:57:59,999 [INFO] IPUIPlugin:80 - create IPUIPlugin
2025-10-27 19:57:59,999 [INFO] PluginManager:220 - loadIPPluginJar : add gpio
2025-10-27 19:58:00,000 [INFO] IPUIPlugin:80 - create IPUIPlugin
2025-10-27 19:58:00,000 [INFO] PluginManager:220 - loadIPPluginJar : add gtzc
2025-10-27 19:58:00,002 [INFO] IPUIPlugin:80 - create IPUIPlugin
2025-10-27 19:58:00,002 [INFO] PluginManager:220 - loadIPPluginJar : add touchsensing
2025-10-27 19:58:00,003 [INFO] IPUIPlugin:80 - create IPUIPlugin
2025-10-27 19:58:00,004 [INFO] PluginManager:220 - loadIPPluginJar : add resmgrutility
2025-10-27 19:58:00,005 [INFO] IPUIPlugin:80 - create IPUIPlugin
2025-10-27 19:58:00,005 [INFO] PluginManager:220 - loadIPPluginJar : add dfsdm
2025-10-27 19:58:00,006 [INFO] IPUIPlugin:80 - create IPUIPlugin
2025-10-27 19:58:00,006 [INFO] PluginManager:220 - loadIPPluginJar : add extmemmanager
2025-10-27 19:58:00,007 [INFO] IPUIPlugin:80 - create IPUIPlugin
2025-10-27 19:58:00,007 [INFO] PluginManager:220 - loadIPPluginJar : add openamp
2025-10-27 19:58:00,008 [INFO] IPUIPlugin:80 - create IPUIPlugin
2025-10-27 19:58:00,009 [INFO] PluginManager:220 - loadIPPluginJar : add sai
2025-10-27 19:58:00,012 [INFO] IPUIPlugin:80 - create IPUIPlugin
2025-10-27 19:58:00,012 [INFO] PluginManager:220 - loadIPPluginJar : add linkedlist
2025-10-27 19:58:00,013 [INFO] IPUIPlugin:80 - create IPUIPlugin
2025-10-27 19:58:00,014 [INFO] PluginManager:220 - loadIPPluginJar : add pdm2pcm
2025-10-27 19:58:00,017 [INFO] IPUIPlugin:80 - create IPUIPlugin
2025-10-27 19:58:00,017 [INFO] PluginManager:220 - loadIPPluginJar : add dma
2025-10-27 19:58:00,019 [INFO] IPUIPlugin:80 - create IPUIPlugin
2025-10-27 19:58:00,020 [INFO] PluginManager:220 - loadIPPluginJar : add freertos
2025-10-27 19:58:00,021 [INFO] IPUIPlugin:80 - create IPUIPlugin
2025-10-27 19:58:00,021 [INFO] PluginManager:220 - loadIPPluginJar : add tracer_emb
2025-10-27 19:58:00,022 [INFO] IPUIPlugin:80 - create IPUIPlugin
2025-10-27 19:58:00,022 [INFO] PluginManager:220 - loadIPPluginJar : add opamp
2025-10-27 19:58:00,023 [INFO] IPUIPlugin:80 - create IPUIPlugin
2025-10-27 19:58:00,023 [INFO] PluginManager:220 - loadIPPluginJar : add radio
2025-10-27 19:58:00,024 [INFO] IPUIPlugin:80 - create IPUIPlugin
2025-10-27 19:58:00,024 [INFO] PluginManager:220 - loadIPPluginJar : add ddr_ctrl_phy
2025-10-27 19:58:00,025 [INFO] IPUIPlugin:80 - create IPUIPlugin
2025-10-27 19:58:00,025 [INFO] PluginManager:220 - loadIPPluginJar : add tim
2025-10-27 19:58:00,027 [INFO] IPUIPlugin:80 - create IPUIPlugin
2025-10-27 19:58:00,027 [INFO] PluginManager:220 - loadIPPluginJar : add nvic
2025-10-27 19:58:00,029 [INFO] IPUIPlugin:80 - create IPUIPlugin
2025-10-27 19:58:00,029 [INFO] PluginManager:220 - loadIPPluginJar : add i3c
2025-10-27 19:58:00,118 [FATAL] Updater:351 - Updater called before beeing initialized
2025-10-27 19:58:00,134 [INFO] RulesReader:64 - Compatibility file has been processed (317 Rules)
2025-10-27 19:58:00,141 [INFO] RulesReader:64 - Compatibility file has been processed (317 Rules)
2025-10-27 19:58:00,145 [INFO] CADModel:165 - CPN selected for project level
2025-10-27 19:58:00,145 [INFO] CADModel:114 - Register for checkConnection events
2025-10-27 19:58:00,145 [FATAL] Updater:351 - Updater called before beeing initialized
2025-10-27 19:58:00,145 [ERROR] CADModel:125 - Updater not yet initialized, retry later 
2025-10-27 19:58:00,206 [FATAL] Updater:351 - Updater called before beeing initialized
2025-10-27 19:58:00,207 [INFO] CADModel:165 - CPN selected for project level
2025-10-27 19:58:00,207 [INFO] CADModel:114 - Register for checkConnection events
2025-10-27 19:58:00,207 [FATAL] Updater:351 - Updater called before beeing initialized
2025-10-27 19:58:00,207 [ERROR] CADModel:125 - Updater not yet initialized, retry later 
2025-10-27 19:58:00,209 [FATAL] Updater:351 - Updater called before beeing initialized
2025-10-27 19:58:00,250 [FATAL] Updater:351 - Updater called before beeing initialized
2025-10-27 19:58:00,253 [INFO] DbMcusAds:53 - JSON generation date=Thu Sep 30 13:55:09 ICT 2021 (1632984909247)
2025-10-27 19:58:00,253 [FATAL] Updater:351 - Updater called before beeing initialized
2025-10-27 19:58:00,271 [WARN] DetailPanel:346 - Failed to get advertising image, set to default
2025-10-27 19:58:00,313 [FATAL] Updater:351 - Updater called before beeing initialized
2025-10-27 19:58:00,315 [FATAL] Updater:351 - Updater called before beeing initialized
2025-10-27 19:58:00,315 [FATAL] Updater:351 - Updater called before beeing initialized
2025-10-27 19:58:00,315 [WARN] DetailPanel:346 - Failed to get advertising image, set to default
2025-10-27 19:58:00,315 [FATAL] Updater:351 - Updater called before beeing initialized
2025-10-27 19:58:00,333 [ERROR] Updater:1198 - MainUpdater not yet initialized. External WinMGr cannot be set.
2025-10-27 19:58:00,333 [INFO] Updater:1134 - Updater Version found : 6.15.0
2025-10-27 19:58:00,342 [INFO] ApplicationProperties:184 - Using Application install path: /opt/st/stm32cubeide_1.19.0/plugins/com.st.stm32cube.common.mx_6.15.0.202507011659
2025-10-27 19:58:00,349 [ERROR] LogOutputStream:75 - [STDERR_REDIRECT] Oct 27, 2025 7:58:00 PM java.util.prefs.FileSystemPreferences$2 run
2025-10-27 19:58:00,349 [ERROR] LogOutputStream:75 - [STDERR_REDIRECT] WARNING: Could not create system preferences directory. System preferences are unusable.
2025-10-27 19:58:00,349 [ERROR] LogOutputStream:75 - [STDERR_REDIRECT] 
2025-10-27 19:58:00,968 [INFO] MainUpdater:2872 - connection check result : 10
2025-10-27 19:58:00,969 [INFO] MainUpdater:289 - Updater Check For Update Now.
2025-10-27 19:58:00,969 [INFO] MicroXplorer:498 - Change Database Version : DB.6.0.150
2025-10-27 19:58:00,971 [INFO] McuFinderGlobals:63 - Set McuFinder mode to 2 (CubeIDE integrated)
2025-10-27 19:58:00,971 [INFO] UserAuth:171 - activating auth plugin
2025-10-27 19:58:00,974 [INFO] UserAuth:487 - Internet connection configuration mode: 1
2025-10-27 19:58:00,983 [INFO] JxBrowserEngine:152 - Initiate JxBrowser Engine with user profile folder
2025-10-27 19:58:01,114 [INFO] CheckServerUpdateThread:120 - End of CheckServer Thread
2025-10-27 19:58:01,306 [INFO] WebApp:169 - Instantiating new browser for Auth
2025-10-27 19:58:01,651 [INFO] WebApp:463 - Apply proxy settings
2025-10-27 19:58:01,651 [INFO] WebApp:548 - Chromium requires no authentication
2025-10-27 19:58:01,655 [INFO] WebApp:491 - Direct internet connection detected
2025-10-27 19:58:01,665 [INFO] WebApp:900 - Register for checkConnection events
2025-10-27 19:58:01,665 [INFO] WebApp:463 - Apply proxy settings
2025-10-27 19:58:01,666 [INFO] WebApp:548 - Chromium requires no authentication
2025-10-27 19:58:01,666 [INFO] WebApp:491 - Direct internet connection detected
2025-10-27 19:58:01,741 [INFO] WebApp:225 - Starting web application
2025-10-27 19:58:01,741 [INFO] WebApp:593 - Web application path used /opt/st/stm32cubeide_1.19.0/plugins/com.st.stm32cube.common.mx_6.15.0.202507011659/db/plugins/mcufinder/reactClient1/index.html
2025-10-27 19:58:02,585 [INFO] WebApp:191 - Connection restablished
2025-10-27 19:58:02,784 [WARN] PackLoader:240 - Cannot read IP mode file for STMicroelectronics.FP-SNS-MOTENVWB1.1.4.0
2025-10-27 19:58:02,790 [WARN] PackLoader:240 - Cannot read IP mode file for STMicroelectronics.FP-ATR-ASTRA1.2.0.2
2025-10-27 19:58:02,797 [WARN] PackLoader:240 - Cannot read IP mode file for STMicroelectronics.X-CUBE-SMBUS.2.1.0
2025-10-27 19:58:02,804 [WARN] PackLoader:240 - Cannot read IP mode file for STMicroelectronics.X-CUBE-DISPLAY.3.0.0
2025-10-27 19:58:02,816 [WARN] PackLoader:240 - Cannot read IP mode file for STMicroelectronics.X-CUBE-NFC10.1.0.0
2025-10-27 19:58:02,821 [WARN] PackLoader:240 - Cannot read IP mode file for STMicroelectronics.FP-SNS-SMARTAG2.1.2.0
2025-10-27 19:58:02,823 [WARN] PackLoader:240 - Cannot read IP mode file for STMicroelectronics.FP-SNS-FLIGHT1.5.1.0
2025-10-27 19:58:02,827 [WARN] PackLoader:240 - Cannot read IP mode file for STMicroelectronics.FP-SNS-MOTENV1.5.0.0
2025-10-27 19:58:02,833 [WARN] PackLoader:240 - Cannot read IP mode file for STMicroelectronics.X-CUBE-BLE2.3.3.0
2025-10-27 19:58:02,838 [WARN] PackLoader:240 - Cannot read IP mode file for STMicroelectronics.X-CUBE-NFC9.1.0.0
2025-10-27 19:58:02,843 [WARN] PackLoader:240 - Cannot read IP mode file for STMicroelectronics.X-CUBE-BLE1.7.1.0
2025-10-27 19:58:02,849 [WARN] PackLoader:240 - Cannot read IP mode file for STMicroelectronics.X-CUBE-SAFEA1.1.2.2
2025-10-27 19:58:02,853 [WARN] PackLoader:240 - Cannot read IP mode file for STMicroelectronics.X-CUBE-NFC4.3.0.0
2025-10-27 19:58:02,857 [WARN] PackLoader:240 - Cannot read IP mode file for STMicroelectronics.X-CUBE-TCPP.4.2.0
2025-10-27 19:58:02,861 [WARN] PackLoader:240 - Cannot read IP mode file for STMicroelectronics.FP-ATR-SIGFOX1.3.2.0
2025-10-27 19:58:02,910 [WARN] PackLoader:240 - Cannot read IP mode file for STMicroelectronics.X-CUBE-MEMS1.11.3.0
2025-10-27 19:58:02,999 [WARN] PackLoader:240 - Cannot read IP mode file for STMicroelectronics.X-CUBE-PM33A1.1.0.0
2025-10-27 19:58:03,002 [WARN] PackLoader:240 - Cannot read IP mode file for STMicroelectronics.X-CUBE-ISPU.2.1.0
2025-10-27 19:58:03,005 [WARN] PackLoader:240 - Cannot read IP mode file for STMicroelectronics.X-CUBE-NFC6.3.1.0
2025-10-27 19:58:03,009 [WARN] PackLoader:240 - Cannot read IP mode file for STMicroelectronics.X-CUBE-FREERTOS.1.3.1
2025-10-27 19:58:03,013 [WARN] PackLoader:240 - Cannot read IP mode file for STMicroelectronics.X-CUBE-DPower.1.3.0
2025-10-27 19:58:03,017 [WARN] PackLoader:240 - Cannot read IP mode file for STMicroelectronics.X-CUBE-SFXS2LP1.4.0.0
2025-10-27 19:58:03,021 [WARN] PackLoader:240 - Cannot read IP mode file for STMicroelectronics.X-CUBE-GNSS1.7.0.1
2025-10-27 19:58:03,028 [WARN] PackLoader:240 - Cannot read IP mode file for STMicroelectronics.X-CUBE-SUBG2.5.0.0
2025-10-27 19:58:03,034 [WARN] PackLoader:240 - Cannot read IP mode file for STMicroelectronics.X-CUBE-NFC7.2.0.0
2025-10-27 19:58:03,037 [WARN] PackLoader:240 - Cannot read IP mode file for STMicroelectronics.X-CUBE-ALS.1.0.2
2025-10-27 19:58:03,046 [WARN] PackLoader:240 - Cannot read IP mode file for STMicroelectronics.X-CUBE-TOF1.3.4.3
2025-10-27 19:58:03,058 [INFO] ThirdParty:978 - Integrity check success = true
2025-10-27 19:58:03,058 [INFO] IntegrityCheckThread:100 - exiting critical section [integrity check]
2025-10-27 19:58:03,058 [INFO] IntegrityCheckThread:103 - End integrity checks thread
2025-10-27 19:58:21,152 [ERROR] LogOutputStream:75 - [STDERR_REDIRECT] Oct 27, 2025 7:58:21 PM java.util.prefs.FileSystemPreferences checkLockFile0ErrorCode
2025-10-27 19:58:21,153 [ERROR] LogOutputStream:75 - [STDERR_REDIRECT] WARNING: Could not lock System prefs. Unix error code 2.
2025-10-27 19:58:21,153 [ERROR] LogOutputStream:75 - [STDERR_REDIRECT] 
2025-10-27 19:58:21,154 [ERROR] LogOutputStream:75 - [STDERR_REDIRECT] Oct 27, 2025 7:58:21 PM java.util.prefs.FileSystemPreferences syncWorld
2025-10-27 19:58:21,155 [ERROR] LogOutputStream:75 - [STDERR_REDIRECT] WARNING: Couldn't flush system prefs: java.util.prefs.BackingStoreException: Couldn't get file lock.
2025-10-27 19:58:21,155 [ERROR] LogOutputStream:75 - [STDERR_REDIRECT] 
2025-10-27 19:58:51,148 [ERROR] LogOutputStream:75 - [STDERR_REDIRECT] Oct 27, 2025 7:58:51 PM java.util.prefs.FileSystemPreferences checkLockFile0ErrorCode
2025-10-27 19:58:51,149 [ERROR] LogOutputStream:75 - [STDERR_REDIRECT] WARNING: Could not lock System prefs. Unix error code 2.
2025-10-27 19:58:51,149 [ERROR] LogOutputStream:75 - [STDERR_REDIRECT] 
2025-10-27 19:58:51,150 [ERROR] LogOutputStream:75 - [STDERR_REDIRECT] Oct 27, 2025 7:58:51 PM java.util.prefs.FileSystemPreferences syncWorld
2025-10-27 19:58:51,150 [ERROR] LogOutputStream:75 - [STDERR_REDIRECT] WARNING: Couldn't flush system prefs: java.util.prefs.BackingStoreException: Couldn't get file lock.
2025-10-27 19:58:51,150 [ERROR] LogOutputStream:75 - [STDERR_REDIRECT] 
2025-10-27 19:59:21,147 [ERROR] LogOutputStream:75 - [STDERR_REDIRECT] Oct 27, 2025 7:59:21 PM java.util.prefs.FileSystemPreferences checkLockFile0ErrorCode
2025-10-27 19:59:21,147 [ERROR] LogOutputStream:75 - [STDERR_REDIRECT] WARNING: Could not lock System prefs. Unix error code 2.
2025-10-27 19:59:21,147 [ERROR] LogOutputStream:75 - [STDERR_REDIRECT] 
2025-10-27 19:59:21,148 [ERROR] LogOutputStream:75 - [STDERR_REDIRECT] Oct 27, 2025 7:59:21 PM java.util.prefs.FileSystemPreferences syncWorld
2025-10-27 19:59:21,148 [ERROR] LogOutputStream:75 - [STDERR_REDIRECT] WARNING: Couldn't flush system prefs: java.util.prefs.BackingStoreException: Couldn't get file lock.
2025-10-27 19:59:21,148 [ERROR] LogOutputStream:75 - [STDERR_REDIRECT] 
2025-10-27 19:59:25,275 [ERROR] LogOutputStream:75 - [STDERR_REDIRECT] 
2025-10-27 20:00:26,622 [INFO] Activator:176 - 


2025-10-27 20:00:26,623 [INFO] Activator:177 - !SESSION log4j initialized
2025-10-27 20:00:28,055 [INFO] LogOutputStream:77 - [STDOUT_REDIRECT] 
2025-10-27 20:00:30,477 [INFO] ApplicationProperties:184 - Using Application install path: /opt/st/stm32cubeide_1.19.0/plugins/com.st.stm32cube.common.mx_6.15.0.202507011659
2025-10-27 20:00:30,487 [INFO] DbMcusXml:78 - Set database path to: /opt/st/stm32cubeide_1.19.0/plugins/com.st.stm32cube.common.mx_6.15.0.202507011659//db//mcu/
2025-10-27 20:00:30,487 [INFO] ApiDb:274 - Set plugin database path to: /opt/st/stm32cubeide_1.19.0/plugins/com.st.stm32cube.common.mx_6.15.0.202507011659//db//plugins/boardmanager/
2025-10-27 20:00:30,487 [WARN] ApiDb:259 - Overriding images path with different value:  => /opt/st/stm32cubeide_1.19.0/plugins/com.st.stm32cube.common.mx_6.15.0.202507011659//db//plugins/mcufinder/images/
2025-10-27 20:00:30,489 [INFO] ApiDb:250 - Set database path to: /home/minhquoc/.stmcufinder/plugins/mcufinder//mcu/
2025-10-27 20:00:30,490 [INFO] DbMcusAds:125 - Set database path to: /home/minhquoc/.stmcufinder/plugins/mcufinder//mcu/
2025-10-27 20:00:31,492 [INFO] CrossReferenceDbSqlite:203 - Set database path to: /home/minhquoc/.stmcufinder/plugins/mcufinder//mcu/cs/
2025-10-27 20:00:31,575 [INFO] RulesReader:64 - Compatibility file has been processed (317 Rules)
2025-10-27 20:00:31,606 [INFO] DbMcusXml:78 - Set database path to: /opt/st/stm32cubeide_1.19.0/plugins/com.st.stm32cube.common.mx_6.15.0.202507011659//db//mcu/
2025-10-27 20:00:31,606 [INFO] ApiDb:274 - Set plugin database path to: /opt/st/stm32cubeide_1.19.0/plugins/com.st.stm32cube.common.mx_6.15.0.202507011659//db//plugins/boardmanager/
2025-10-27 20:00:31,606 [INFO] ApiDb:261 - Set plugin images path to: /opt/st/stm32cubeide_1.19.0/plugins/com.st.stm32cube.common.mx_6.15.0.202507011659//db//plugins/mcufinder/images/
2025-10-27 20:00:31,606 [WARN] DbFile:41 - Overriding database path with different value: /home/minhquoc/.stmcufinder/plugins/mcufinder/ => /home/minhquoc/.stmcufinder/plugins/mcufinder
2025-10-27 20:00:31,606 [INFO] ApiDb:250 - Set database path to: /home/minhquoc/.stmcufinder/plugins/mcufinder//mcu/
2025-10-27 20:00:31,606 [WARN] DbFile:41 - Overriding database path with different value: /home/minhquoc/.stmcufinder/plugins/mcufinder/ => /home/minhquoc/.stmcufinder/plugins/mcufinder
2025-10-27 20:00:31,607 [INFO] DbMcusAds:125 - Set database path to: /home/minhquoc/.stmcufinder/plugins/mcufinder//mcu/
2025-10-27 20:00:31,607 [WARN] DbFile:41 - Overriding database path with different value: /home/minhquoc/.stmcufinder/plugins/mcufinder/ => /home/minhquoc/.stmcufinder/plugins/mcufinder
2025-10-27 20:00:31,607 [WARN] DbFile:41 - Overriding database path with different value: /home/minhquoc/.stmcufinder/plugins/mcufinder/ => /home/minhquoc/.stmcufinder/plugins/mcufinder
2025-10-27 20:00:32,608 [INFO] CrossReferenceDbSqlite:203 - Set database path to: /home/minhquoc/.stmcufinder/plugins/mcufinder//mcu/cs/
2025-10-27 20:00:32,642 [INFO] MainPanel:274 - HeapMemory: 268435456
2025-10-27 20:00:32,728 [INFO] DbMcusXml:78 - Set database path to: /opt/st/stm32cubeide_1.19.0/plugins/com.st.stm32cube.common.mx_6.15.0.202507011659//db//mcu/
2025-10-27 20:00:32,728 [INFO] ApiDb:274 - Set plugin database path to: /opt/st/stm32cubeide_1.19.0/plugins/com.st.stm32cube.common.mx_6.15.0.202507011659//db//plugins/boardmanager/
2025-10-27 20:00:32,728 [INFO] ApiDb:261 - Set plugin images path to: /opt/st/stm32cubeide_1.19.0/plugins/com.st.stm32cube.common.mx_6.15.0.202507011659//db//plugins/mcufinder/images/
2025-10-27 20:00:32,728 [WARN] DbFile:41 - Overriding database path with different value: /home/minhquoc/.stmcufinder/plugins/mcufinder/ => /home/minhquoc/.stmcufinder/plugins/mcufinder
2025-10-27 20:00:32,728 [INFO] ApiDb:250 - Set database path to: /home/minhquoc/.stmcufinder/plugins/mcufinder//mcu/
2025-10-27 20:00:32,728 [WARN] DbFile:41 - Overriding database path with different value: /home/minhquoc/.stmcufinder/plugins/mcufinder/ => /home/minhquoc/.stmcufinder/plugins/mcufinder
2025-10-27 20:00:32,728 [INFO] DbMcusAds:125 - Set database path to: /home/minhquoc/.stmcufinder/plugins/mcufinder//mcu/
2025-10-27 20:00:32,728 [WARN] DbFile:41 - Overriding database path with different value: /home/minhquoc/.stmcufinder/plugins/mcufinder/ => /home/minhquoc/.stmcufinder/plugins/mcufinder
2025-10-27 20:00:32,728 [WARN] DbFile:41 - Overriding database path with different value: /home/minhquoc/.stmcufinder/plugins/mcufinder/ => /home/minhquoc/.stmcufinder/plugins/mcufinder
2025-10-27 20:00:33,729 [INFO] CrossReferenceDbSqlite:203 - Set database path to: /home/minhquoc/.stmcufinder/plugins/mcufinder//mcu/cs/
2025-10-27 20:00:33,742 [INFO] ApplicationProperties:184 - Using Application install path: /opt/st/stm32cubeide_1.19.0/plugins/com.st.stm32cube.common.mx_6.15.0.202507011659
2025-10-27 20:00:33,743 [INFO] PluginManage:196 - Search for loadable plugins [exclusion list=, ]
2025-10-27 20:00:33,744 [INFO] PluginManage:310 - Check plugin analytics
2025-10-27 20:00:34,834 [INFO] AnalyticsPlugin:253 - Accepted Software Licenses: 
2025-10-27 20:00:34,834 [INFO] AnalyticsPlugin:255 - Accepted CMSIS Pack Licenses: 
2025-10-27 20:00:34,834 [INFO] AnalyticsPlugin:257 - Accepted Firmware Licenses: 
2025-10-27 20:00:34,835 [INFO] PluginManage:359 - Loaded plugin analytics (category:tool,tabindex:-1)
2025-10-27 20:00:34,835 [INFO] PluginManage:310 - Check plugin cadmodel
2025-10-27 20:00:34,837 [INFO] CADModel:105 - Init CAD model plugin
2025-10-27 20:00:34,838 [INFO] PluginManage:359 - Loaded plugin cadmodel (category:power,tabindex:5)
2025-10-27 20:00:34,838 [INFO] PluginManage:310 - Check plugin clock
2025-10-27 20:00:34,842 [INFO] PluginManage:359 - Loaded plugin clock (category:base,tabindex:2)
2025-10-27 20:00:34,842 [INFO] PluginManage:310 - Check plugin ddr
2025-10-27 20:00:34,843 [INFO] PluginManage:359 - Loaded plugin ddr (category:tool,tabindex:6)
2025-10-27 20:00:34,843 [INFO] PluginManage:310 - Check plugin filemanager
2025-10-27 20:00:34,956 [INFO] PluginManage:359 - Loaded plugin filemanager (category:base,tabindex:10)
2025-10-27 20:00:34,956 [INFO] PluginManage:310 - Check plugin ipmanager
2025-10-27 20:00:34,961 [INFO] PluginManage:359 - Loaded plugin ipmanager (category:base,tabindex:5)
2025-10-27 20:00:34,961 [INFO] PluginManage:310 - Check plugin lpbam
2025-10-27 20:00:34,967 [INFO] PluginManage:359 - Loaded plugin lpbam (category:base,tabindex:0)
2025-10-27 20:00:34,968 [INFO] PluginManage:310 - Check plugin memorymap
2025-10-27 20:00:34,974 [INFO] PluginManage:359 - Loaded plugin memorymap (category:base,tabindex:4)
2025-10-27 20:00:34,974 [INFO] PluginManage:310 - Check plugin pinoutandconfiguration
2025-10-27 20:00:34,977 [INFO] PluginManage:359 - Loaded plugin pinoutandconfiguration (category:base,tabindex:1)
2025-10-27 20:00:34,977 [INFO] PluginManage:310 - Check plugin pinoutconfig
2025-10-27 20:00:35,018 [WARN] SupportedApi:132 - Cannot load RTOS API schema: s4s-elt-must-match.1: The content of 'definitions' must match (annotation?, (simpleType | complexType)?, (unique | key | keyref)*)). A problem was found starting at: attribute.
2025-10-27 20:00:35,082 [INFO] PluginManage:359 - Loaded plugin pinoutconfig (category:base,tabindex:0)
2025-10-27 20:00:35,082 [INFO] PluginManage:310 - Check plugin power
2025-10-27 20:00:35,086 [INFO] PluginManage:359 - Loaded plugin power (category:power,tabindex:4)
2025-10-27 20:00:35,087 [INFO] PluginManage:310 - Check plugin projectmanager
2025-10-27 20:00:35,096 [INFO] PluginManage:359 - Loaded plugin projectmanager (category:projectmanager,tabindex:4)
2025-10-27 20:00:35,096 [INFO] PluginManage:310 - Check plugin rif
2025-10-27 20:00:35,100 [INFO] PluginManage:359 - Loaded plugin rif (category:base,tabindex:3)
2025-10-27 20:00:35,101 [INFO] PluginManage:310 - Check plugin thirdparty
2025-10-27 20:00:35,154 [INFO] PluginManage:359 - Loaded plugin thirdparty (category:base,tabindex:-1)
2025-10-27 20:00:35,154 [WARN] IntegrityCheckThread:84 - waiting for thirdparty lock release [integrity check]
2025-10-27 20:00:35,155 [INFO] PluginManage:310 - Check plugin tools
2025-10-27 20:00:35,155 [INFO] IntegrityCheckThread:86 - entering critical section [integrity check]
2025-10-27 20:00:35,155 [INFO] ThirdPartyUpdaterWithRetryManager:70 - Updater plugin not ready yet. [1/15]
2025-10-27 20:00:35,156 [INFO] PluginManage:359 - Loaded plugin tools (category:base,tabindex:7)
2025-10-27 20:00:35,156 [INFO] PluginManage:310 - Check plugin tutovideos
2025-10-27 20:00:35,260 [INFO] PluginManage:359 - Loaded plugin tutovideos (category:base,tabindex:-1)
2025-10-27 20:00:35,261 [INFO] PluginManage:310 - Check plugin updater
2025-10-27 20:00:35,272 [INFO] PluginManage:359 - Loaded plugin updater (category:base,tabindex:12)
2025-10-27 20:00:35,273 [INFO] PluginManage:310 - Check plugin userauth
2025-10-27 20:00:35,275 [INFO] UserAuth:118 - Init User Auth plugin
2025-10-27 20:00:35,275 [INFO] PluginManage:359 - Loaded plugin userauth (category:base,tabindex:14)
2025-10-27 20:00:35,275 [INFO] PluginManage:283 - PluginManage : Loaded plugins [18]
2025-10-27 20:00:35,364 [INFO] PinOutPanel:1589 - setPackage(No Configuration,No Configuration)
2025-10-27 20:00:35,397 [INFO] CADModel:165 - CPN selected for project level
2025-10-27 20:00:35,397 [INFO] CADModel:114 - Register for checkConnection events
2025-10-27 20:00:35,401 [INFO] IPUIPlugin:80 - create IPUIPlugin
2025-10-27 20:00:35,402 [INFO] PluginManager:220 - loadIPPluginJar : add fatfs
2025-10-27 20:00:35,404 [INFO] IPUIPlugin:80 - create IPUIPlugin
2025-10-27 20:00:35,405 [INFO] PluginManager:220 - loadIPPluginJar : add mdma
2025-10-27 20:00:35,407 [INFO] IPUIPlugin:80 - create IPUIPlugin
2025-10-27 20:00:35,407 [INFO] PluginManager:220 - loadIPPluginJar : add cryp
2025-10-27 20:00:35,408 [INFO] IPUIPlugin:80 - create IPUIPlugin
2025-10-27 20:00:35,408 [INFO] PluginManager:220 - loadIPPluginJar : add hash
2025-10-27 20:00:35,411 [INFO] IPUIPlugin:80 - create IPUIPlugin
2025-10-27 20:00:35,411 [INFO] PluginManager:220 - loadIPPluginJar : add adc
2025-10-27 20:00:35,414 [INFO] IPUIPlugin:80 - create IPUIPlugin
2025-10-27 20:00:35,414 [INFO] PluginManager:220 - loadIPPluginJar : add gic
2025-10-27 20:00:35,414 [INFO] IPUIPlugin:80 - create IPUIPlugin
2025-10-27 20:00:35,414 [INFO] PluginManager:220 - loadIPPluginJar : add genericplugin
2025-10-27 20:00:35,415 [INFO] IPUIPlugin:80 - create IPUIPlugin
2025-10-27 20:00:35,415 [INFO] PluginManager:220 - loadIPPluginJar : add tsc
2025-10-27 20:00:35,418 [INFO] IPUIPlugin:80 - create IPUIPlugin
2025-10-27 20:00:35,419 [INFO] PluginManager:220 - loadIPPluginJar : add plateformsettings
2025-10-27 20:00:35,422 [INFO] IPUIPlugin:80 - create IPUIPlugin
2025-10-27 20:00:35,422 [INFO] PluginManager:220 - loadIPPluginJar : add stm32_wpan
2025-10-27 20:00:35,423 [INFO] IPUIPlugin:80 - create IPUIPlugin
2025-10-27 20:00:35,423 [INFO] PluginManager:220 - loadIPPluginJar : add spi
2025-10-27 20:00:35,424 [INFO] IPUIPlugin:80 - create IPUIPlugin
2025-10-27 20:00:35,424 [INFO] PluginManager:220 - loadIPPluginJar : add can
2025-10-27 20:00:35,425 [INFO] IPUIPlugin:80 - create IPUIPlugin
2025-10-27 20:00:35,425 [INFO] PluginManager:220 - loadIPPluginJar : add usart
2025-10-27 20:00:35,427 [INFO] IPUIPlugin:80 - create IPUIPlugin
2025-10-27 20:00:35,427 [INFO] PluginManager:220 - loadIPPluginJar : add fmc
2025-10-27 20:00:35,428 [INFO] IPUIPlugin:80 - create IPUIPlugin
2025-10-27 20:00:35,428 [INFO] PluginManager:220 - loadIPPluginJar : add lorawan
2025-10-27 20:00:35,429 [INFO] IPUIPlugin:80 - create IPUIPlugin
2025-10-27 20:00:35,429 [INFO] PluginManager:220 - loadIPPluginJar : add comp
2025-10-27 20:00:35,430 [INFO] IPUIPlugin:80 - create IPUIPlugin
2025-10-27 20:00:35,430 [INFO] PluginManager:220 - loadIPPluginJar : add aes
2025-10-27 20:00:35,430 [INFO] IPUIPlugin:80 - create IPUIPlugin
2025-10-27 20:00:35,430 [INFO] PluginManager:220 - loadIPPluginJar : add ltdc
2025-10-27 20:00:35,431 [INFO] IPUIPlugin:80 - create IPUIPlugin
2025-10-27 20:00:35,431 [INFO] PluginManager:220 - loadIPPluginJar : add ts
2025-10-27 20:00:35,432 [INFO] IPUIPlugin:80 - create IPUIPlugin
2025-10-27 20:00:35,432 [INFO] PluginManager:220 - loadIPPluginJar : add i2s
2025-10-27 20:00:35,433 [INFO] IPUIPlugin:80 - create IPUIPlugin
2025-10-27 20:00:35,433 [INFO] PluginManager:220 - loadIPPluginJar : add ipddr
2025-10-27 20:00:35,434 [INFO] IPUIPlugin:80 - create IPUIPlugin
2025-10-27 20:00:35,434 [INFO] PluginManager:220 - loadIPPluginJar : add quadspi
2025-10-27 20:00:35,435 [INFO] IPUIPlugin:80 - create IPUIPlugin
2025-10-27 20:00:35,435 [INFO] PluginManager:220 - loadIPPluginJar : add ucpd
2025-10-27 20:00:35,436 [INFO] IPUIPlugin:80 - create IPUIPlugin
2025-10-27 20:00:35,436 [INFO] PluginManager:220 - loadIPPluginJar : add usbx
2025-10-27 20:00:35,437 [INFO] IPUIPlugin:80 - create IPUIPlugin
2025-10-27 20:00:35,437 [INFO] PluginManager:220 - loadIPPluginJar : add gfxmmu
2025-10-27 20:00:35,438 [INFO] IPUIPlugin:80 - create IPUIPlugin
2025-10-27 20:00:35,438 [INFO] PluginManager:220 - loadIPPluginJar : add i2c
2025-10-27 20:00:35,439 [INFO] IPUIPlugin:80 - create IPUIPlugin
2025-10-27 20:00:35,439 [INFO] PluginManager:220 - loadIPPluginJar : add dma3
2025-10-27 20:00:35,441 [INFO] IPUIPlugin:80 - create IPUIPlugin
2025-10-27 20:00:35,441 [INFO] PluginManager:220 - loadIPPluginJar : add gpio
2025-10-27 20:00:35,442 [INFO] IPUIPlugin:80 - create IPUIPlugin
2025-10-27 20:00:35,442 [INFO] PluginManager:220 - loadIPPluginJar : add gtzc
2025-10-27 20:00:35,444 [INFO] IPUIPlugin:80 - create IPUIPlugin
2025-10-27 20:00:35,444 [INFO] PluginManager:220 - loadIPPluginJar : add touchsensing
2025-10-27 20:00:35,445 [INFO] IPUIPlugin:80 - create IPUIPlugin
2025-10-27 20:00:35,445 [INFO] PluginManager:220 - loadIPPluginJar : add resmgrutility
2025-10-27 20:00:35,446 [INFO] IPUIPlugin:80 - create IPUIPlugin
2025-10-27 20:00:35,446 [INFO] PluginManager:220 - loadIPPluginJar : add dfsdm
2025-10-27 20:00:35,447 [INFO] IPUIPlugin:80 - create IPUIPlugin
2025-10-27 20:00:35,447 [INFO] PluginManager:220 - loadIPPluginJar : add extmemmanager
2025-10-27 20:00:35,448 [INFO] IPUIPlugin:80 - create IPUIPlugin
2025-10-27 20:00:35,448 [INFO] PluginManager:220 - loadIPPluginJar : add openamp
2025-10-27 20:00:35,449 [INFO] IPUIPlugin:80 - create IPUIPlugin
2025-10-27 20:00:35,450 [INFO] PluginManager:220 - loadIPPluginJar : add sai
2025-10-27 20:00:35,453 [INFO] IPUIPlugin:80 - create IPUIPlugin
2025-10-27 20:00:35,453 [INFO] PluginManager:220 - loadIPPluginJar : add linkedlist
2025-10-27 20:00:35,454 [INFO] IPUIPlugin:80 - create IPUIPlugin
2025-10-27 20:00:35,454 [INFO] PluginManager:220 - loadIPPluginJar : add pdm2pcm
2025-10-27 20:00:35,456 [INFO] IPUIPlugin:80 - create IPUIPlugin
2025-10-27 20:00:35,456 [INFO] PluginManager:220 - loadIPPluginJar : add dma
2025-10-27 20:00:35,459 [INFO] IPUIPlugin:80 - create IPUIPlugin
2025-10-27 20:00:35,459 [INFO] PluginManager:220 - loadIPPluginJar : add freertos
2025-10-27 20:00:35,460 [INFO] IPUIPlugin:80 - create IPUIPlugin
2025-10-27 20:00:35,460 [INFO] PluginManager:220 - loadIPPluginJar : add tracer_emb
2025-10-27 20:00:35,461 [INFO] IPUIPlugin:80 - create IPUIPlugin
2025-10-27 20:00:35,461 [INFO] PluginManager:220 - loadIPPluginJar : add opamp
2025-10-27 20:00:35,462 [INFO] IPUIPlugin:80 - create IPUIPlugin
2025-10-27 20:00:35,462 [INFO] PluginManager:220 - loadIPPluginJar : add radio
2025-10-27 20:00:35,463 [INFO] IPUIPlugin:80 - create IPUIPlugin
2025-10-27 20:00:35,463 [INFO] PluginManager:220 - loadIPPluginJar : add ddr_ctrl_phy
2025-10-27 20:00:35,463 [INFO] IPUIPlugin:80 - create IPUIPlugin
2025-10-27 20:00:35,463 [INFO] PluginManager:220 - loadIPPluginJar : add tim
2025-10-27 20:00:35,465 [INFO] IPUIPlugin:80 - create IPUIPlugin
2025-10-27 20:00:35,465 [INFO] PluginManager:220 - loadIPPluginJar : add nvic
2025-10-27 20:00:35,466 [INFO] IPUIPlugin:80 - create IPUIPlugin
2025-10-27 20:00:35,466 [INFO] PluginManager:220 - loadIPPluginJar : add i3c
2025-10-27 20:00:35,555 [FATAL] Updater:351 - Updater called before beeing initialized
2025-10-27 20:00:35,579 [INFO] RulesReader:64 - Compatibility file has been processed (317 Rules)
2025-10-27 20:00:35,586 [INFO] RulesReader:64 - Compatibility file has been processed (317 Rules)
2025-10-27 20:00:35,590 [INFO] CADModel:165 - CPN selected for project level
2025-10-27 20:00:35,590 [INFO] CADModel:114 - Register for checkConnection events
2025-10-27 20:00:35,590 [FATAL] Updater:351 - Updater called before beeing initialized
2025-10-27 20:00:35,590 [ERROR] CADModel:125 - Updater not yet initialized, retry later 
2025-10-27 20:00:35,652 [FATAL] Updater:351 - Updater called before beeing initialized
2025-10-27 20:00:35,653 [INFO] CADModel:165 - CPN selected for project level
2025-10-27 20:00:35,653 [INFO] CADModel:114 - Register for checkConnection events
2025-10-27 20:00:35,653 [FATAL] Updater:351 - Updater called before beeing initialized
2025-10-27 20:00:35,653 [ERROR] CADModel:125 - Updater not yet initialized, retry later 
2025-10-27 20:00:35,655 [FATAL] Updater:351 - Updater called before beeing initialized
2025-10-27 20:00:35,696 [FATAL] Updater:351 - Updater called before beeing initialized
2025-10-27 20:00:35,698 [INFO] DbMcusAds:53 - JSON generation date=Thu Sep 30 13:55:09 ICT 2021 (1632984909247)
2025-10-27 20:00:35,699 [FATAL] Updater:351 - Updater called before beeing initialized
2025-10-27 20:00:35,717 [WARN] DetailPanel:346 - Failed to get advertising image, set to default
2025-10-27 20:00:35,760 [FATAL] Updater:351 - Updater called before beeing initialized
2025-10-27 20:00:35,761 [FATAL] Updater:351 - Updater called before beeing initialized
2025-10-27 20:00:35,761 [FATAL] Updater:351 - Updater called before beeing initialized
2025-10-27 20:00:35,761 [WARN] DetailPanel:346 - Failed to get advertising image, set to default
2025-10-27 20:00:35,762 [FATAL] Updater:351 - Updater called before beeing initialized
2025-10-27 20:00:35,780 [ERROR] Updater:1198 - MainUpdater not yet initialized. External WinMGr cannot be set.
2025-10-27 20:00:35,781 [INFO] Updater:1134 - Updater Version found : 6.15.0
2025-10-27 20:00:35,790 [INFO] ApplicationProperties:184 - Using Application install path: /opt/st/stm32cubeide_1.19.0/plugins/com.st.stm32cube.common.mx_6.15.0.202507011659
2025-10-27 20:00:35,797 [ERROR] LogOutputStream:75 - [STDERR_REDIRECT] Oct 27, 2025 8:00:35 PM java.util.prefs.FileSystemPreferences$2 run
2025-10-27 20:00:35,797 [ERROR] LogOutputStream:75 - [STDERR_REDIRECT] WARNING: Could not create system preferences directory. System preferences are unusable.
2025-10-27 20:00:35,797 [ERROR] LogOutputStream:75 - [STDERR_REDIRECT] 
2025-10-27 20:00:36,166 [INFO] MainUpdater:2872 - connection check result : 10
2025-10-27 20:00:36,166 [INFO] MainUpdater:289 - Updater Check For Update Now.
2025-10-27 20:00:36,166 [INFO] MicroXplorer:498 - Change Database Version : DB.6.0.150
2025-10-27 20:00:36,169 [INFO] McuFinderGlobals:63 - Set McuFinder mode to 2 (CubeIDE integrated)
2025-10-27 20:00:36,169 [INFO] UserAuth:171 - activating auth plugin
2025-10-27 20:00:36,171 [INFO] UserAuth:487 - Internet connection configuration mode: 1
2025-10-27 20:00:36,183 [INFO] JxBrowserEngine:152 - Initiate JxBrowser Engine with user profile folder
2025-10-27 20:00:36,312 [INFO] CheckServerUpdateThread:120 - End of CheckServer Thread
2025-10-27 20:00:36,535 [INFO] WebApp:169 - Instantiating new browser for Auth
2025-10-27 20:00:36,902 [INFO] WebApp:463 - Apply proxy settings
2025-10-27 20:00:36,903 [INFO] WebApp:548 - Chromium requires no authentication
2025-10-27 20:00:36,907 [INFO] WebApp:491 - Direct internet connection detected
2025-10-27 20:00:36,916 [INFO] WebApp:900 - Register for checkConnection events
2025-10-27 20:00:36,916 [INFO] WebApp:463 - Apply proxy settings
2025-10-27 20:00:36,916 [INFO] WebApp:548 - Chromium requires no authentication
2025-10-27 20:00:36,917 [INFO] WebApp:491 - Direct internet connection detected
2025-10-27 20:00:36,998 [INFO] WebApp:225 - Starting web application
2025-10-27 20:00:36,998 [INFO] WebApp:593 - Web application path used /opt/st/stm32cubeide_1.19.0/plugins/com.st.stm32cube.common.mx_6.15.0.202507011659/db/plugins/mcufinder/reactClient1/index.html
2025-10-27 20:00:37,195 [INFO] WebApp:191 - Connection restablished
2025-10-27 20:00:38,218 [WARN] PackLoader:240 - Cannot read IP mode file for STMicroelectronics.FP-SNS-MOTENVWB1.1.4.0
2025-10-27 20:00:38,223 [WARN] PackLoader:240 - Cannot read IP mode file for STMicroelectronics.FP-ATR-ASTRA1.2.0.2
2025-10-27 20:00:38,227 [WARN] PackLoader:240 - Cannot read IP mode file for STMicroelectronics.X-CUBE-SMBUS.2.1.0
2025-10-27 20:00:38,233 [WARN] PackLoader:240 - Cannot read IP mode file for STMicroelectronics.X-CUBE-DISPLAY.3.0.0
2025-10-27 20:00:38,247 [WARN] PackLoader:240 - Cannot read IP mode file for STMicroelectronics.X-CUBE-NFC10.1.0.0
2025-10-27 20:00:38,254 [WARN] PackLoader:240 - Cannot read IP mode file for STMicroelectronics.FP-SNS-SMARTAG2.1.2.0
2025-10-27 20:00:38,257 [WARN] PackLoader:240 - Cannot read IP mode file for STMicroelectronics.FP-SNS-FLIGHT1.5.1.0
2025-10-27 20:00:38,261 [WARN] PackLoader:240 - Cannot read IP mode file for STMicroelectronics.FP-SNS-MOTENV1.5.0.0
2025-10-27 20:00:38,266 [WARN] PackLoader:240 - Cannot read IP mode file for STMicroelectronics.X-CUBE-BLE2.3.3.0
2025-10-27 20:00:38,271 [WARN] PackLoader:240 - Cannot read IP mode file for STMicroelectronics.X-CUBE-NFC9.1.0.0
2025-10-27 20:00:38,275 [WARN] PackLoader:240 - Cannot read IP mode file for STMicroelectronics.X-CUBE-BLE1.7.1.0
2025-10-27 20:00:38,280 [WARN] PackLoader:240 - Cannot read IP mode file for STMicroelectronics.X-CUBE-SAFEA1.1.2.2
2025-10-27 20:00:38,284 [WARN] PackLoader:240 - Cannot read IP mode file for STMicroelectronics.X-CUBE-NFC4.3.0.0
2025-10-27 20:00:38,288 [WARN] PackLoader:240 - Cannot read IP mode file for STMicroelectronics.X-CUBE-TCPP.4.2.0
2025-10-27 20:00:38,291 [WARN] PackLoader:240 - Cannot read IP mode file for STMicroelectronics.FP-ATR-SIGFOX1.3.2.0
2025-10-27 20:00:38,331 [WARN] PackLoader:240 - Cannot read IP mode file for STMicroelectronics.X-CUBE-MEMS1.11.3.0
2025-10-27 20:00:38,428 [WARN] PackLoader:240 - Cannot read IP mode file for STMicroelectronics.X-CUBE-PM33A1.1.0.0
2025-10-27 20:00:38,430 [WARN] PackLoader:240 - Cannot read IP mode file for STMicroelectronics.X-CUBE-ISPU.2.1.0
2025-10-27 20:00:38,435 [WARN] PackLoader:240 - Cannot read IP mode file for STMicroelectronics.X-CUBE-NFC6.3.1.0
2025-10-27 20:00:38,439 [WARN] PackLoader:240 - Cannot read IP mode file for STMicroelectronics.X-CUBE-FREERTOS.1.3.1
2025-10-27 20:00:38,443 [WARN] PackLoader:240 - Cannot read IP mode file for STMicroelectronics.X-CUBE-DPower.1.3.0
2025-10-27 20:00:38,447 [WARN] PackLoader:240 - Cannot read IP mode file for STMicroelectronics.X-CUBE-SFXS2LP1.4.0.0
2025-10-27 20:00:38,451 [WARN] PackLoader:240 - Cannot read IP mode file for STMicroelectronics.X-CUBE-GNSS1.7.0.1
2025-10-27 20:00:38,457 [WARN] PackLoader:240 - Cannot read IP mode file for STMicroelectronics.X-CUBE-SUBG2.5.0.0
2025-10-27 20:00:38,462 [WARN] PackLoader:240 - Cannot read IP mode file for STMicroelectronics.X-CUBE-NFC7.2.0.0
2025-10-27 20:00:38,465 [WARN] PackLoader:240 - Cannot read IP mode file for STMicroelectronics.X-CUBE-ALS.1.0.2
2025-10-27 20:00:38,472 [WARN] PackLoader:240 - Cannot read IP mode file for STMicroelectronics.X-CUBE-TOF1.3.4.3
2025-10-27 20:00:38,480 [INFO] ThirdParty:978 - Integrity check success = true
2025-10-27 20:00:38,480 [INFO] IntegrityCheckThread:100 - exiting critical section [integrity check]
2025-10-27 20:00:38,481 [INFO] IntegrityCheckThread:103 - End integrity checks thread
2025-10-27 20:00:58,498 [ERROR] LogOutputStream:75 - [STDERR_REDIRECT] Oct 27, 2025 8:00:58 PM java.util.prefs.FileSystemPreferences checkLockFile0ErrorCode
2025-10-27 20:00:58,498 [ERROR] LogOutputStream:75 - [STDERR_REDIRECT] WARNING: Could not lock System prefs. Unix error code 2.
2025-10-27 20:00:58,499 [ERROR] LogOutputStream:75 - [STDERR_REDIRECT] 
2025-10-27 20:00:58,499 [ERROR] LogOutputStream:75 - [STDERR_REDIRECT] Oct 27, 2025 8:00:58 PM java.util.prefs.FileSystemPreferences syncWorld
2025-10-27 20:00:58,499 [ERROR] LogOutputStream:75 - [STDERR_REDIRECT] WARNING: Couldn't flush system prefs: java.util.prefs.BackingStoreException: Couldn't get file lock.
2025-10-27 20:00:58,500 [ERROR] LogOutputStream:75 - [STDERR_REDIRECT] 
2025-10-27 20:01:28,496 [ERROR] LogOutputStream:75 - [STDERR_REDIRECT] Oct 27, 2025 8:01:28 PM java.util.prefs.FileSystemPreferences checkLockFile0ErrorCode
2025-10-27 20:01:28,497 [ERROR] LogOutputStream:75 - [STDERR_REDIRECT] WARNING: Could not lock System prefs. Unix error code 2.
2025-10-27 20:01:28,497 [ERROR] LogOutputStream:75 - [STDERR_REDIRECT] 
2025-10-27 20:01:28,498 [ERROR] LogOutputStream:75 - [STDERR_REDIRECT] Oct 27, 2025 8:01:28 PM java.util.prefs.FileSystemPreferences syncWorld
2025-10-27 20:01:28,499 [ERROR] LogOutputStream:75 - [STDERR_REDIRECT] WARNING: Couldn't flush system prefs: java.util.prefs.BackingStoreException: Couldn't get file lock.
2025-10-27 20:01:28,500 [ERROR] LogOutputStream:75 - [STDERR_REDIRECT] 
2025-10-27 20:01:46,927 [ERROR] LogOutputStream:75 - [STDERR_REDIRECT] 
2025-10-27 20:01:46,927 [ERROR] LogOutputStream:75 - [STDERR_REDIRECT] 
