2025-10-27 19:50:30,359 [INFO] Activator:176 - 


2025-10-27 19:50:30,360 [INFO] Activator:177 - !SESSION log4j initialized
2025-10-27 19:50:32,042 [INFO] LogOutputStream:77 - [STDOUT_REDIRECT] 
2025-10-27 19:50:37,038 [INFO] ApplicationProperties:184 - Using Application install path: /opt/st/stm32cubeide_1.19.0/plugins/com.st.stm32cube.common.mx_6.15.0.202507011659
2025-10-27 19:50:37,049 [INFO] DbMcusXml:78 - Set database path to: /opt/st/stm32cubeide_1.19.0/plugins/com.st.stm32cube.common.mx_6.15.0.202507011659//db//mcu/
2025-10-27 19:50:37,049 [INFO] ApiDb:274 - Set plugin database path to: /opt/st/stm32cubeide_1.19.0/plugins/com.st.stm32cube.common.mx_6.15.0.202507011659//db//plugins/boardmanager/
2025-10-27 19:50:37,050 [WARN] ApiDb:259 - Overriding images path with different value:  => /opt/st/stm32cubeide_1.19.0/plugins/com.st.stm32cube.common.mx_6.15.0.202507011659//db//plugins/mcufinder/images/
2025-10-27 19:50:37,483 [WARN] ApiFinderProperties:113 - /home/minhquoc/.stmcufinder/plugins/mcufinder/mcu/mcuFinder.mfd doesn't exist
2025-10-27 19:50:37,484 [INFO] ApiDb:250 - Set database path to: /home/minhquoc/.stmcufinder/plugins/mcufinder//mcu/
2025-10-27 19:50:37,484 [INFO] DbMcusAds:125 - Set database path to: /home/minhquoc/.stmcufinder/plugins/mcufinder//mcu/
2025-10-27 19:50:38,487 [INFO] CrossReferenceDbSqlite:203 - Set database path to: /home/minhquoc/.stmcufinder/plugins/mcufinder//mcu/cs/
2025-10-27 19:50:38,554 [INFO] RulesReader:64 - Compatibility file has been processed (317 Rules)
2025-10-27 19:50:38,581 [INFO] DbMcusXml:78 - Set database path to: /opt/st/stm32cubeide_1.19.0/plugins/com.st.stm32cube.common.mx_6.15.0.202507011659//db//mcu/
2025-10-27 19:50:38,581 [INFO] ApiDb:274 - Set plugin database path to: /opt/st/stm32cubeide_1.19.0/plugins/com.st.stm32cube.common.mx_6.15.0.202507011659//db//plugins/boardmanager/
2025-10-27 19:50:38,581 [INFO] ApiDb:261 - Set plugin images path to: /opt/st/stm32cubeide_1.19.0/plugins/com.st.stm32cube.common.mx_6.15.0.202507011659//db//plugins/mcufinder/images/
2025-10-27 19:50:38,581 [WARN] DbFile:41 - Overriding database path with different value: /home/minhquoc/.stmcufinder/plugins/mcufinder/ => /home/minhquoc/.stmcufinder/plugins/mcufinder
2025-10-27 19:50:38,581 [INFO] ApiDb:250 - Set database path to: /home/minhquoc/.stmcufinder/plugins/mcufinder//mcu/
2025-10-27 19:50:38,581 [WARN] DbFile:41 - Overriding database path with different value: /home/minhquoc/.stmcufinder/plugins/mcufinder/ => /home/minhquoc/.stmcufinder/plugins/mcufinder
2025-10-27 19:50:38,581 [INFO] DbMcusAds:125 - Set database path to: /home/minhquoc/.stmcufinder/plugins/mcufinder//mcu/
2025-10-27 19:50:38,581 [WARN] DbFile:41 - Overriding database path with different value: /home/minhquoc/.stmcufinder/plugins/mcufinder/ => /home/minhquoc/.stmcufinder/plugins/mcufinder
2025-10-27 19:50:38,581 [WARN] DbFile:41 - Overriding database path with different value: /home/minhquoc/.stmcufinder/plugins/mcufinder/ => /home/minhquoc/.stmcufinder/plugins/mcufinder
2025-10-27 19:50:39,583 [INFO] CrossReferenceDbSqlite:203 - Set database path to: /home/minhquoc/.stmcufinder/plugins/mcufinder//mcu/cs/
2025-10-27 19:50:39,617 [INFO] MainPanel:274 - HeapMemory: 268435456
2025-10-27 19:50:39,702 [INFO] DbMcusXml:78 - Set database path to: /opt/st/stm32cubeide_1.19.0/plugins/com.st.stm32cube.common.mx_6.15.0.202507011659//db//mcu/
2025-10-27 19:50:39,702 [INFO] ApiDb:274 - Set plugin database path to: /opt/st/stm32cubeide_1.19.0/plugins/com.st.stm32cube.common.mx_6.15.0.202507011659//db//plugins/boardmanager/
2025-10-27 19:50:39,703 [INFO] ApiDb:261 - Set plugin images path to: /opt/st/stm32cubeide_1.19.0/plugins/com.st.stm32cube.common.mx_6.15.0.202507011659//db//plugins/mcufinder/images/
2025-10-27 19:50:39,703 [WARN] DbFile:41 - Overriding database path with different value: /home/minhquoc/.stmcufinder/plugins/mcufinder/ => /home/minhquoc/.stmcufinder/plugins/mcufinder
2025-10-27 19:50:39,703 [INFO] ApiDb:250 - Set database path to: /home/minhquoc/.stmcufinder/plugins/mcufinder//mcu/
2025-10-27 19:50:39,703 [WARN] DbFile:41 - Overriding database path with different value: /home/minhquoc/.stmcufinder/plugins/mcufinder/ => /home/minhquoc/.stmcufinder/plugins/mcufinder
2025-10-27 19:50:39,703 [INFO] DbMcusAds:125 - Set database path to: /home/minhquoc/.stmcufinder/plugins/mcufinder//mcu/
2025-10-27 19:50:39,703 [WARN] DbFile:41 - Overriding database path with different value: /home/minhquoc/.stmcufinder/plugins/mcufinder/ => /home/minhquoc/.stmcufinder/plugins/mcufinder
2025-10-27 19:50:39,703 [WARN] DbFile:41 - Overriding database path with different value: /home/minhquoc/.stmcufinder/plugins/mcufinder/ => /home/minhquoc/.stmcufinder/plugins/mcufinder
2025-10-27 19:50:40,703 [INFO] CrossReferenceDbSqlite:203 - Set database path to: /home/minhquoc/.stmcufinder/plugins/mcufinder//mcu/cs/
2025-10-27 19:50:40,714 [INFO] ApplicationProperties:184 - Using Application install path: /opt/st/stm32cubeide_1.19.0/plugins/com.st.stm32cube.common.mx_6.15.0.202507011659
2025-10-27 19:50:40,715 [INFO] PluginManage:196 - Search for loadable plugins [exclusion list=, ]
2025-10-27 19:50:40,715 [INFO] PluginManage:310 - Check plugin analytics
2025-10-27 19:50:41,818 [INFO] AnalyticsPlugin:253 - Accepted Software Licenses: 
2025-10-27 19:50:41,819 [INFO] AnalyticsPlugin:255 - Accepted CMSIS Pack Licenses: 
2025-10-27 19:50:41,819 [INFO] AnalyticsPlugin:257 - Accepted Firmware Licenses: 
2025-10-27 19:50:41,820 [INFO] PluginManage:359 - Loaded plugin analytics (category:tool,tabindex:-1)
2025-10-27 19:50:41,821 [INFO] PluginManage:310 - Check plugin cadmodel
2025-10-27 19:50:41,824 [INFO] CADModel:105 - Init CAD model plugin
2025-10-27 19:50:41,824 [INFO] PluginManage:359 - Loaded plugin cadmodel (category:power,tabindex:5)
2025-10-27 19:50:41,824 [INFO] PluginManage:310 - Check plugin clock
2025-10-27 19:50:41,830 [INFO] PluginManage:359 - Loaded plugin clock (category:base,tabindex:2)
2025-10-27 19:50:41,830 [INFO] PluginManage:310 - Check plugin ddr
2025-10-27 19:50:41,832 [INFO] PluginManage:359 - Loaded plugin ddr (category:tool,tabindex:6)
2025-10-27 19:50:41,832 [INFO] PluginManage:310 - Check plugin filemanager
2025-10-27 19:50:41,975 [INFO] PluginManage:359 - Loaded plugin filemanager (category:base,tabindex:10)
2025-10-27 19:50:41,975 [INFO] PluginManage:310 - Check plugin ipmanager
2025-10-27 19:50:41,979 [INFO] PluginManage:359 - Loaded plugin ipmanager (category:base,tabindex:5)
2025-10-27 19:50:41,979 [INFO] PluginManage:310 - Check plugin lpbam
2025-10-27 19:50:41,986 [INFO] PluginManage:359 - Loaded plugin lpbam (category:base,tabindex:0)
2025-10-27 19:50:41,986 [INFO] PluginManage:310 - Check plugin memorymap
2025-10-27 19:50:41,995 [INFO] PluginManage:359 - Loaded plugin memorymap (category:base,tabindex:4)
2025-10-27 19:50:41,995 [INFO] PluginManage:310 - Check plugin pinoutandconfiguration
2025-10-27 19:50:42,000 [INFO] PluginManage:359 - Loaded plugin pinoutandconfiguration (category:base,tabindex:1)
2025-10-27 19:50:42,000 [INFO] PluginManage:310 - Check plugin pinoutconfig
2025-10-27 19:50:42,055 [WARN] SupportedApi:132 - Cannot load RTOS API schema: s4s-elt-must-match.1: The content of 'definitions' must match (annotation?, (simpleType | complexType)?, (unique | key | keyref)*)). A problem was found starting at: attribute.
2025-10-27 19:50:42,131 [INFO] PluginManage:359 - Loaded plugin pinoutconfig (category:base,tabindex:0)
2025-10-27 19:50:42,132 [INFO] PluginManage:310 - Check plugin power
2025-10-27 19:50:42,137 [INFO] PluginManage:359 - Loaded plugin power (category:power,tabindex:4)
2025-10-27 19:50:42,137 [INFO] PluginManage:310 - Check plugin projectmanager
2025-10-27 19:50:42,149 [INFO] PluginManage:359 - Loaded plugin projectmanager (category:projectmanager,tabindex:4)
2025-10-27 19:50:42,149 [INFO] PluginManage:310 - Check plugin rif
2025-10-27 19:50:42,155 [INFO] PluginManage:359 - Loaded plugin rif (category:base,tabindex:3)
2025-10-27 19:50:42,156 [INFO] PluginManage:310 - Check plugin thirdparty
2025-10-27 19:50:42,237 [INFO] PluginManage:359 - Loaded plugin thirdparty (category:base,tabindex:-1)
2025-10-27 19:50:42,237 [WARN] IntegrityCheckThread:84 - waiting for thirdparty lock release [integrity check]
2025-10-27 19:50:42,238 [INFO] PluginManage:310 - Check plugin tools
2025-10-27 19:50:42,238 [INFO] IntegrityCheckThread:86 - entering critical section [integrity check]
2025-10-27 19:50:42,238 [INFO] ThirdPartyUpdaterWithRetryManager:70 - Updater plugin not ready yet. [1/15]
2025-10-27 19:50:42,240 [INFO] PluginManage:359 - Loaded plugin tools (category:base,tabindex:7)
2025-10-27 19:50:42,240 [INFO] PluginManage:310 - Check plugin tutovideos
2025-10-27 19:50:42,362 [INFO] PluginManage:359 - Loaded plugin tutovideos (category:base,tabindex:-1)
2025-10-27 19:50:42,362 [INFO] PluginManage:310 - Check plugin updater
2025-10-27 19:50:42,376 [INFO] PluginManage:359 - Loaded plugin updater (category:base,tabindex:12)
2025-10-27 19:50:42,376 [INFO] PluginManage:310 - Check plugin userauth
2025-10-27 19:50:42,378 [INFO] UserAuth:118 - Init User Auth plugin
2025-10-27 19:50:42,379 [INFO] PluginManage:359 - Loaded plugin userauth (category:base,tabindex:14)
2025-10-27 19:50:42,379 [INFO] PluginManage:283 - PluginManage : Loaded plugins [18]
2025-10-27 19:50:42,502 [INFO] PinOutPanel:1589 - setPackage(No Configuration,No Configuration)
2025-10-27 19:50:42,551 [INFO] CADModel:165 - CPN selected for project level
2025-10-27 19:50:42,551 [INFO] CADModel:114 - Register for checkConnection events
2025-10-27 19:50:42,559 [INFO] IPUIPlugin:80 - create IPUIPlugin
2025-10-27 19:50:42,560 [INFO] PluginManager:220 - loadIPPluginJar : add fatfs
2025-10-27 19:50:42,565 [INFO] IPUIPlugin:80 - create IPUIPlugin
2025-10-27 19:50:42,565 [INFO] PluginManager:220 - loadIPPluginJar : add mdma
2025-10-27 19:50:42,568 [INFO] IPUIPlugin:80 - create IPUIPlugin
2025-10-27 19:50:42,568 [INFO] PluginManager:220 - loadIPPluginJar : add cryp
2025-10-27 19:50:42,570 [INFO] IPUIPlugin:80 - create IPUIPlugin
2025-10-27 19:50:42,570 [INFO] PluginManager:220 - loadIPPluginJar : add hash
2025-10-27 19:50:42,575 [INFO] IPUIPlugin:80 - create IPUIPlugin
2025-10-27 19:50:42,576 [INFO] PluginManager:220 - loadIPPluginJar : add adc
2025-10-27 19:50:42,579 [INFO] IPUIPlugin:80 - create IPUIPlugin
2025-10-27 19:50:42,579 [INFO] PluginManager:220 - loadIPPluginJar : add gic
2025-10-27 19:50:42,580 [INFO] IPUIPlugin:80 - create IPUIPlugin
2025-10-27 19:50:42,580 [INFO] PluginManager:220 - loadIPPluginJar : add genericplugin
2025-10-27 19:50:42,581 [INFO] IPUIPlugin:80 - create IPUIPlugin
2025-10-27 19:50:42,581 [INFO] PluginManager:220 - loadIPPluginJar : add tsc
2025-10-27 19:50:42,585 [INFO] IPUIPlugin:80 - create IPUIPlugin
2025-10-27 19:50:42,587 [INFO] PluginManager:220 - loadIPPluginJar : add plateformsettings
2025-10-27 19:50:42,591 [INFO] IPUIPlugin:80 - create IPUIPlugin
2025-10-27 19:50:42,592 [INFO] PluginManager:220 - loadIPPluginJar : add stm32_wpan
2025-10-27 19:50:42,593 [INFO] IPUIPlugin:80 - create IPUIPlugin
2025-10-27 19:50:42,594 [INFO] PluginManager:220 - loadIPPluginJar : add spi
2025-10-27 19:50:42,595 [INFO] IPUIPlugin:80 - create IPUIPlugin
2025-10-27 19:50:42,595 [INFO] PluginManager:220 - loadIPPluginJar : add can
2025-10-27 19:50:42,597 [INFO] IPUIPlugin:80 - create IPUIPlugin
2025-10-27 19:50:42,597 [INFO] PluginManager:220 - loadIPPluginJar : add usart
2025-10-27 19:50:42,599 [INFO] IPUIPlugin:80 - create IPUIPlugin
2025-10-27 19:50:42,599 [INFO] PluginManager:220 - loadIPPluginJar : add fmc
2025-10-27 19:50:42,600 [INFO] IPUIPlugin:80 - create IPUIPlugin
2025-10-27 19:50:42,600 [INFO] PluginManager:220 - loadIPPluginJar : add lorawan
2025-10-27 19:50:42,601 [INFO] IPUIPlugin:80 - create IPUIPlugin
2025-10-27 19:50:42,601 [INFO] PluginManager:220 - loadIPPluginJar : add comp
2025-10-27 19:50:42,602 [INFO] IPUIPlugin:80 - create IPUIPlugin
2025-10-27 19:50:42,602 [INFO] PluginManager:220 - loadIPPluginJar : add aes
2025-10-27 19:50:42,603 [INFO] IPUIPlugin:80 - create IPUIPlugin
2025-10-27 19:50:42,603 [INFO] PluginManager:220 - loadIPPluginJar : add ltdc
2025-10-27 19:50:42,604 [INFO] IPUIPlugin:80 - create IPUIPlugin
2025-10-27 19:50:42,604 [INFO] PluginManager:220 - loadIPPluginJar : add ts
2025-10-27 19:50:42,605 [INFO] IPUIPlugin:80 - create IPUIPlugin
2025-10-27 19:50:42,605 [INFO] PluginManager:220 - loadIPPluginJar : add i2s
2025-10-27 19:50:42,607 [INFO] IPUIPlugin:80 - create IPUIPlugin
2025-10-27 19:50:42,607 [INFO] PluginManager:220 - loadIPPluginJar : add ipddr
2025-10-27 19:50:42,607 [INFO] IPUIPlugin:80 - create IPUIPlugin
2025-10-27 19:50:42,608 [INFO] PluginManager:220 - loadIPPluginJar : add quadspi
2025-10-27 19:50:42,609 [INFO] IPUIPlugin:80 - create IPUIPlugin
2025-10-27 19:50:42,609 [INFO] PluginManager:220 - loadIPPluginJar : add ucpd
2025-10-27 19:50:42,612 [INFO] IPUIPlugin:80 - create IPUIPlugin
2025-10-27 19:50:42,612 [INFO] PluginManager:220 - loadIPPluginJar : add usbx
2025-10-27 19:50:42,613 [INFO] IPUIPlugin:80 - create IPUIPlugin
2025-10-27 19:50:42,613 [INFO] PluginManager:220 - loadIPPluginJar : add gfxmmu
2025-10-27 19:50:42,615 [INFO] IPUIPlugin:80 - create IPUIPlugin
2025-10-27 19:50:42,615 [INFO] PluginManager:220 - loadIPPluginJar : add i2c
2025-10-27 19:50:42,616 [INFO] IPUIPlugin:80 - create IPUIPlugin
2025-10-27 19:50:42,616 [INFO] PluginManager:220 - loadIPPluginJar : add dma3
2025-10-27 19:50:42,619 [INFO] IPUIPlugin:80 - create IPUIPlugin
2025-10-27 19:50:42,619 [INFO] PluginManager:220 - loadIPPluginJar : add gpio
2025-10-27 19:50:42,620 [INFO] IPUIPlugin:80 - create IPUIPlugin
2025-10-27 19:50:42,621 [INFO] PluginManager:220 - loadIPPluginJar : add gtzc
2025-10-27 19:50:42,622 [INFO] IPUIPlugin:80 - create IPUIPlugin
2025-10-27 19:50:42,622 [INFO] PluginManager:220 - loadIPPluginJar : add touchsensing
2025-10-27 19:50:42,624 [INFO] IPUIPlugin:80 - create IPUIPlugin
2025-10-27 19:50:42,624 [INFO] PluginManager:220 - loadIPPluginJar : add resmgrutility
2025-10-27 19:50:42,625 [INFO] IPUIPlugin:80 - create IPUIPlugin
2025-10-27 19:50:42,625 [INFO] PluginManager:220 - loadIPPluginJar : add dfsdm
2025-10-27 19:50:42,627 [INFO] IPUIPlugin:80 - create IPUIPlugin
2025-10-27 19:50:42,627 [INFO] PluginManager:220 - loadIPPluginJar : add extmemmanager
2025-10-27 19:50:42,628 [INFO] IPUIPlugin:80 - create IPUIPlugin
2025-10-27 19:50:42,628 [INFO] PluginManager:220 - loadIPPluginJar : add openamp
2025-10-27 19:50:42,629 [INFO] IPUIPlugin:80 - create IPUIPlugin
2025-10-27 19:50:42,629 [INFO] PluginManager:220 - loadIPPluginJar : add sai
2025-10-27 19:50:42,634 [INFO] IPUIPlugin:80 - create IPUIPlugin
2025-10-27 19:50:42,635 [INFO] PluginManager:220 - loadIPPluginJar : add linkedlist
2025-10-27 19:50:42,636 [INFO] IPUIPlugin:80 - create IPUIPlugin
2025-10-27 19:50:42,636 [INFO] PluginManager:220 - loadIPPluginJar : add pdm2pcm
2025-10-27 19:50:42,639 [INFO] IPUIPlugin:80 - create IPUIPlugin
2025-10-27 19:50:42,639 [INFO] PluginManager:220 - loadIPPluginJar : add dma
2025-10-27 19:50:42,642 [INFO] IPUIPlugin:80 - create IPUIPlugin
2025-10-27 19:50:42,642 [INFO] PluginManager:220 - loadIPPluginJar : add freertos
2025-10-27 19:50:42,643 [INFO] IPUIPlugin:80 - create IPUIPlugin
2025-10-27 19:50:42,643 [INFO] PluginManager:220 - loadIPPluginJar : add tracer_emb
2025-10-27 19:50:42,644 [INFO] IPUIPlugin:80 - create IPUIPlugin
2025-10-27 19:50:42,644 [INFO] PluginManager:220 - loadIPPluginJar : add opamp
2025-10-27 19:50:42,645 [INFO] IPUIPlugin:80 - create IPUIPlugin
2025-10-27 19:50:42,645 [INFO] PluginManager:220 - loadIPPluginJar : add radio
2025-10-27 19:50:42,647 [INFO] IPUIPlugin:80 - create IPUIPlugin
2025-10-27 19:50:42,647 [INFO] PluginManager:220 - loadIPPluginJar : add ddr_ctrl_phy
2025-10-27 19:50:42,648 [INFO] IPUIPlugin:80 - create IPUIPlugin
2025-10-27 19:50:42,648 [INFO] PluginManager:220 - loadIPPluginJar : add tim
2025-10-27 19:50:42,649 [INFO] IPUIPlugin:80 - create IPUIPlugin
2025-10-27 19:50:42,649 [INFO] PluginManager:220 - loadIPPluginJar : add nvic
2025-10-27 19:50:42,650 [INFO] IPUIPlugin:80 - create IPUIPlugin
2025-10-27 19:50:42,650 [INFO] PluginManager:220 - loadIPPluginJar : add i3c
2025-10-27 19:50:42,743 [FATAL] Updater:351 - Updater called before beeing initialized
2025-10-27 19:50:42,760 [INFO] RulesReader:64 - Compatibility file has been processed (317 Rules)
2025-10-27 19:50:42,769 [INFO] RulesReader:64 - Compatibility file has been processed (317 Rules)
2025-10-27 19:50:42,774 [INFO] CADModel:165 - CPN selected for project level
2025-10-27 19:50:42,774 [INFO] CADModel:114 - Register for checkConnection events
2025-10-27 19:50:42,774 [FATAL] Updater:351 - Updater called before beeing initialized
2025-10-27 19:50:42,774 [ERROR] CADModel:125 - Updater not yet initialized, retry later 
2025-10-27 19:50:42,849 [FATAL] Updater:351 - Updater called before beeing initialized
2025-10-27 19:50:42,850 [INFO] CADModel:165 - CPN selected for project level
2025-10-27 19:50:42,850 [INFO] CADModel:114 - Register for checkConnection events
2025-10-27 19:50:42,850 [FATAL] Updater:351 - Updater called before beeing initialized
2025-10-27 19:50:42,850 [ERROR] CADModel:125 - Updater not yet initialized, retry later 
2025-10-27 19:50:42,852 [FATAL] Updater:351 - Updater called before beeing initialized
2025-10-27 19:50:42,912 [FATAL] Updater:351 - Updater called before beeing initialized
2025-10-27 19:50:42,915 [INFO] DbMcusAds:53 - JSON generation date=Thu Sep 30 13:55:09 ICT 2021 (1632984909247)
2025-10-27 19:50:42,915 [FATAL] Updater:351 - Updater called before beeing initialized
2025-10-27 19:50:42,936 [WARN] DetailPanel:346 - Failed to get advertising image, set to default
2025-10-27 19:50:42,983 [FATAL] Updater:351 - Updater called before beeing initialized
2025-10-27 19:50:42,984 [FATAL] Updater:351 - Updater called before beeing initialized
2025-10-27 19:50:42,984 [FATAL] Updater:351 - Updater called before beeing initialized
2025-10-27 19:50:42,984 [WARN] DetailPanel:346 - Failed to get advertising image, set to default
2025-10-27 19:50:42,985 [FATAL] Updater:351 - Updater called before beeing initialized
2025-10-27 19:50:43,007 [ERROR] Updater:1198 - MainUpdater not yet initialized. External WinMGr cannot be set.
2025-10-27 19:50:43,008 [INFO] Updater:1134 - Updater Version found : 6.15.0
2025-10-27 19:50:43,020 [INFO] ApplicationProperties:184 - Using Application install path: /opt/st/stm32cubeide_1.19.0/plugins/com.st.stm32cube.common.mx_6.15.0.202507011659
2025-10-27 19:50:43,040 [INFO] MainUpdater:525 - Copy updater definitions from MX database
2025-10-27 19:50:43,061 [INFO] MainUpdater:558 - Copy flag file definitions from MX database
2025-10-27 19:50:43,061 [INFO] MainUpdater:574 - Copy thirdparty index definitions from MX database
2025-10-27 19:50:43,061 [INFO] MainUpdater:593 - Copy default thirdparty db definitions from MX database
2025-10-27 19:50:43,629 [INFO] MainUpdater:2872 - connection check result : 10
2025-10-27 19:50:43,629 [INFO] MainUpdater:3604 - Updater definition file requires update
2025-10-27 19:50:43,629 [INFO] MainUpdater:289 - Updater Check For Update Now.
2025-10-27 19:50:43,629 [INFO] MicroXplorer:498 - Change Database Version : DB.6.0.150
2025-10-27 19:50:43,632 [INFO] McuFinderGlobals:63 - Set McuFinder mode to 2 (CubeIDE integrated)
2025-10-27 19:50:43,632 [INFO] UserAuth:171 - activating auth plugin
2025-10-27 19:50:43,633 [INFO] UserAuth:487 - Internet connection configuration mode: 1
2025-10-27 19:50:43,639 [INFO] JxBrowserEngine:152 - Initiate JxBrowser Engine with user profile folder
2025-10-27 19:50:44,011 [INFO] ServerAccessManage:452 - Complete download http(s) 200
2025-10-27 19:50:44,012 [INFO] ServerAccessManage:509 - Download File updaters.zip
2025-10-27 19:50:44,391 [INFO] FileExtend:248 - Unzip File : updaters.zip
2025-10-27 19:50:44,392 [INFO] FileExtend:263 - Standard Zip Deflate
2025-10-27 19:50:44,728 [INFO] ServerAccessManage:452 - Complete download http(s) 200
2025-10-27 19:50:44,728 [INFO] ServerAccessManage:509 - Download File PacksControlFlags.xml
2025-10-27 19:50:44,883 [INFO] ServerAccessManage:452 - Complete download http(s) 200
2025-10-27 19:50:44,884 [INFO] ServerAccessManage:509 - Download File cubemx.pidx
2025-10-27 19:50:45,239 [WARN] MainUpdater:1193 - Updater busy. Cannot search thirdparties
2025-10-27 19:50:45,239 [INFO] ThirdPartyUpdaterWithRetryManager:96 - Updater plugin is busy. [1/15]
2025-10-27 19:50:45,559 [INFO] WebApp:169 - Instantiating new browser for Auth
2025-10-27 19:50:45,648 [INFO] ServerAccessManage:452 - Complete download http(s) 200
2025-10-27 19:50:45,648 [INFO] ServerAccessManage:509 - Download File STMicroelectronics.FP-ATR-ASTRA1.pdsc
2025-10-27 19:50:45,919 [INFO] WebApp:463 - Apply proxy settings
2025-10-27 19:50:45,919 [INFO] WebApp:548 - Chromium requires no authentication
2025-10-27 19:50:45,923 [INFO] WebApp:491 - Direct internet connection detected
2025-10-27 19:50:45,933 [INFO] WebApp:900 - Register for checkConnection events
2025-10-27 19:50:45,934 [INFO] WebApp:463 - Apply proxy settings
2025-10-27 19:50:45,934 [INFO] WebApp:548 - Chromium requires no authentication
2025-10-27 19:50:45,934 [INFO] WebApp:491 - Direct internet connection detected
2025-10-27 19:50:46,010 [INFO] WebApp:225 - Starting web application
2025-10-27 19:50:46,010 [INFO] WebApp:593 - Web application path used /opt/st/stm32cubeide_1.19.0/plugins/com.st.stm32cube.common.mx_6.15.0.202507011659/db/plugins/mcufinder/reactClient1/index.html
2025-10-27 19:50:46,203 [INFO] WebApp:191 - Connection restablished
2025-10-27 19:50:47,339 [INFO] ServerAccessManage:452 - Complete download http(s) 200
2025-10-27 19:50:47,339 [INFO] ServerAccessManage:509 - Download File STMicroelectronics.FP-ATR-SIGFOX1.pdsc
2025-10-27 19:50:47,767 [INFO] ServerAccessManage:452 - Complete download http(s) 200
2025-10-27 19:50:47,767 [INFO] ServerAccessManage:509 - Download File STMicroelectronics.FP-SNS-STBOX1.pdsc
2025-10-27 19:50:48,239 [WARN] MainUpdater:1193 - Updater busy. Cannot search thirdparties
2025-10-27 19:50:48,239 [INFO] ThirdPartyUpdaterWithRetryManager:96 - Updater plugin is busy. [2/15]
2025-10-27 19:50:48,405 [INFO] ServerAccessManage:452 - Complete download http(s) 200
2025-10-27 19:50:48,405 [INFO] ServerAccessManage:509 - Download File STMicroelectronics.FP-SNS-FLIGHT1.pdsc
2025-10-27 19:50:51,206 [INFO] ServerAccessManage:452 - Complete download http(s) 200
2025-10-27 19:50:51,206 [INFO] ServerAccessManage:509 - Download File STMicroelectronics.FP-SNS-MOTENV1.pdsc
2025-10-27 19:50:51,240 [WARN] MainUpdater:1193 - Updater busy. Cannot search thirdparties
2025-10-27 19:50:51,240 [INFO] ThirdPartyUpdaterWithRetryManager:96 - Updater plugin is busy. [3/15]
2025-10-27 19:50:52,508 [INFO] ServerAccessManage:452 - Complete download http(s) 200
2025-10-27 19:50:52,508 [INFO] ServerAccessManage:509 - Download File STMicroelectronics.FP-SNS-MOTENVWB1.pdsc
2025-10-27 19:50:53,533 [INFO] ServerAccessManage:452 - Complete download http(s) 200
2025-10-27 19:50:53,533 [INFO] ServerAccessManage:509 - Download File STMicroelectronics.FP-SNS-SMARTAG2.pdsc
2025-10-27 19:50:54,143 [INFO] ServerAccessManage:452 - Complete download http(s) 200
2025-10-27 19:50:54,143 [INFO] ServerAccessManage:509 - Download File STMicroelectronics.FP-SNS-STAIOTCFT.pdsc
2025-10-27 19:50:54,240 [WARN] MainUpdater:1193 - Updater busy. Cannot search thirdparties
2025-10-27 19:50:54,240 [INFO] ThirdPartyUpdaterWithRetryManager:96 - Updater plugin is busy. [4/15]
2025-10-27 19:50:54,660 [INFO] ServerAccessManage:452 - Complete download http(s) 200
2025-10-27 19:50:54,660 [INFO] ServerAccessManage:509 - Download File STMicroelectronics.X-CUBE-AI.pdsc
2025-10-27 19:50:57,240 [WARN] MainUpdater:1193 - Updater busy. Cannot search thirdparties
2025-10-27 19:50:57,241 [INFO] ThirdPartyUpdaterWithRetryManager:96 - Updater plugin is busy. [5/15]
2025-10-27 19:51:00,241 [WARN] MainUpdater:1193 - Updater busy. Cannot search thirdparties
2025-10-27 19:51:00,241 [INFO] ThirdPartyUpdaterWithRetryManager:96 - Updater plugin is busy. [6/15]
2025-10-27 19:51:00,291 [INFO] ServerAccessManage:452 - Complete download http(s) 200
2025-10-27 19:51:00,291 [INFO] ServerAccessManage:509 - Download File STMicroelectronics.X-CUBE-ALS.pdsc
2025-10-27 19:51:01,314 [INFO] ServerAccessManage:452 - Complete download http(s) 200
2025-10-27 19:51:01,315 [INFO] ServerAccessManage:509 - Download File STMicroelectronics.X-CUBE-BLE1.pdsc
2025-10-27 19:51:03,241 [WARN] MainUpdater:1193 - Updater busy. Cannot search thirdparties
2025-10-27 19:51:03,241 [INFO] ThirdPartyUpdaterWithRetryManager:96 - Updater plugin is busy. [7/15]
2025-10-27 19:51:06,242 [WARN] MainUpdater:1193 - Updater busy. Cannot search thirdparties
2025-10-27 19:51:06,242 [INFO] ThirdPartyUpdaterWithRetryManager:96 - Updater plugin is busy. [8/15]
2025-10-27 19:51:09,242 [WARN] MainUpdater:1193 - Updater busy. Cannot search thirdparties
2025-10-27 19:51:09,242 [INFO] ThirdPartyUpdaterWithRetryManager:96 - Updater plugin is busy. [9/15]
2025-10-27 19:51:12,242 [WARN] MainUpdater:1193 - Updater busy. Cannot search thirdparties
2025-10-27 19:51:12,243 [INFO] ThirdPartyUpdaterWithRetryManager:96 - Updater plugin is busy. [10/15]
2025-10-27 19:51:15,243 [WARN] MainUpdater:1193 - Updater busy. Cannot search thirdparties
2025-10-27 19:51:15,243 [INFO] ThirdPartyUpdaterWithRetryManager:96 - Updater plugin is busy. [11/15]
2025-10-27 19:51:16,777 [ERROR] ServerAccessManage:1212 - Problem, file not found on Server
2025-10-27 19:51:17,087 [INFO] ServerAccessManage:452 - Complete download http(s) 200
2025-10-27 19:51:17,087 [INFO] ServerAccessManage:509 - Download File STMicroelectronics.X-CUBE-BLE2.pdsc
2025-10-27 19:51:18,243 [WARN] MainUpdater:1193 - Updater busy. Cannot search thirdparties
2025-10-27 19:51:18,243 [INFO] ThirdPartyUpdaterWithRetryManager:96 - Updater plugin is busy. [12/15]
2025-10-27 19:51:20,002 [INFO] ServerAccessManage:452 - Complete download http(s) 200
2025-10-27 19:51:20,002 [INFO] ServerAccessManage:509 - Download File STMicroelectronics.X-CUBE-BLEMGR.pdsc
2025-10-27 19:51:21,243 [WARN] MainUpdater:1193 - Updater busy. Cannot search thirdparties
2025-10-27 19:51:21,244 [INFO] ThirdPartyUpdaterWithRetryManager:96 - Updater plugin is busy. [13/15]
2025-10-27 19:51:24,244 [WARN] MainUpdater:1193 - Updater busy. Cannot search thirdparties
2025-10-27 19:51:24,244 [INFO] ThirdPartyUpdaterWithRetryManager:96 - Updater plugin is busy. [14/15]
2025-10-27 19:51:24,899 [ERROR] ServerAccessManage:1212 - Problem, file not found on Server
2025-10-27 19:51:27,244 [WARN] MainUpdater:1193 - Updater busy. Cannot search thirdparties
2025-10-27 19:51:27,245 [INFO] ThirdPartyUpdaterWithRetryManager:96 - Updater plugin is busy. [15/15]
2025-10-27 19:51:27,245 [ERROR] IntegrityCheckThread:130 - Cannot retrieve database content from updater: error -1
2025-10-27 19:51:27,245 [INFO] ThirdParty:978 - Integrity check success = false
2025-10-27 19:51:27,246 [INFO] IntegrityCheckThread:100 - exiting critical section [integrity check]
2025-10-27 19:51:27,246 [INFO] IntegrityCheckThread:103 - End integrity checks thread
2025-10-27 19:51:27,528 [INFO] ServerAccessManage:452 - Complete download http(s) 200
2025-10-27 19:51:27,529 [INFO] ServerAccessManage:509 - Download File STMicroelectronics.X-CUBE-DISPLAY.pdsc
2025-10-27 19:51:29,524 [INFO] ServerAccessManage:452 - Complete download http(s) 200
2025-10-27 19:51:29,524 [INFO] ServerAccessManage:509 - Download File STMicroelectronics.X-CUBE-DPOWER.pdsc
2025-10-27 19:51:31,124 [ERROR] ServerAccessManage:1212 - Problem, file not found on Server
2025-10-27 19:51:32,061 [ERROR] ServerAccessManage:1212 - Problem, file not found on Server
2025-10-27 19:51:32,507 [ERROR] ServerAccessManage:1212 - Problem, file not found on Server
2025-10-27 19:51:32,966 [ERROR] ServerAccessManage:1212 - Problem, file not found on Server
2025-10-27 19:51:33,980 [ERROR] ServerAccessManage:1212 - Problem, file not found on Server
2025-10-27 19:51:34,847 [ERROR] ServerAccessManage:1212 - Problem, file not found on Server
2025-10-27 19:51:35,703 [ERROR] ServerAccessManage:1212 - Problem, file not found on Server
2025-10-27 19:51:36,146 [ERROR] ServerAccessManage:1212 - Problem, file not found on Server
2025-10-27 19:51:36,593 [ERROR] ServerAccessManage:1212 - Problem, file not found on Server
2025-10-27 19:51:37,592 [ERROR] ServerAccessManage:1212 - Problem, file not found on Server
2025-10-27 19:51:38,476 [ERROR] ServerAccessManage:1212 - Problem, file not found on Server
2025-10-27 19:51:39,204 [INFO] ServerAccessManage:452 - Complete download http(s) 200
2025-10-27 19:51:39,204 [INFO] ServerAccessManage:509 - Download File STMicroelectronics.X-CUBE-EEPRMA1.pdsc
2025-10-27 19:51:40,575 [ERROR] ServerAccessManage:1212 - Problem, file not found on Server
2025-10-27 19:51:42,071 [ERROR] ServerAccessManage:1212 - Problem, file not found on Server
2025-10-27 19:51:43,436 [INFO] ServerAccessManage:452 - Complete download http(s) 200
2025-10-27 19:51:43,436 [INFO] ServerAccessManage:509 - Download File STMicroelectronics.X-CUBE-FREERTOS.pdsc
2025-10-27 19:51:45,444 [INFO] ServerAccessManage:452 - Complete download http(s) 200
2025-10-27 19:51:45,445 [INFO] ServerAccessManage:509 - Download File STMicroelectronics.X-CUBE-GNSS1.pdsc
2025-10-27 19:51:48,522 [ERROR] ServerAccessManage:1212 - Problem, file not found on Server
2025-10-27 19:51:49,546 [ERROR] ServerAccessManage:1212 - Problem, file not found on Server
2025-10-27 19:51:50,546 [ERROR] ServerAccessManage:1212 - Problem, file not found on Server
2025-10-27 19:51:51,476 [ERROR] ServerAccessManage:1212 - Problem, file not found on Server
2025-10-27 19:51:51,956 [ERROR] ServerAccessManage:1212 - Problem, file not found on Server
2025-10-27 19:51:52,521 [ERROR] ServerAccessManage:1212 - Problem, file not found on Server
2025-10-27 19:51:52,823 [INFO] ServerAccessManage:452 - Complete download http(s) 200
2025-10-27 19:51:52,823 [INFO] ServerAccessManage:509 - Download File STMicroelectronics.X-CUBE-ISPU.pdsc
2025-10-27 19:51:54,605 [INFO] ServerAccessManage:452 - Complete download http(s) 200
2025-10-27 19:51:54,605 [INFO] ServerAccessManage:509 - Download File STMicroelectronics.X-CUBE-IPS.pdsc
2025-10-27 19:51:57,534 [INFO] ServerAccessManage:452 - Complete download http(s) 200
2025-10-27 19:51:57,534 [INFO] ServerAccessManage:509 - Download File STMicroelectronics.X-CUBE-MEMS1.pdsc
2025-10-27 19:52:08,081 [INFO] ServerAccessManage:452 - Complete download http(s) 200
2025-10-27 19:52:08,081 [INFO] ServerAccessManage:509 - Download File STMicroelectronics.X-CUBE-NFC4.pdsc
2025-10-27 19:52:12,249 [INFO] ServerAccessManage:452 - Complete download http(s) 200
2025-10-27 19:52:12,249 [INFO] ServerAccessManage:509 - Download File STMicroelectronics.X-CUBE-NFC6.pdsc
2025-10-27 19:52:13,109 [INFO] ServerAccessManage:452 - Complete download http(s) 200
2025-10-27 19:52:13,110 [INFO] ServerAccessManage:509 - Download File STMicroelectronics.X-CUBE-NFC7.pdsc
2025-10-27 19:52:14,230 [INFO] ServerAccessManage:452 - Complete download http(s) 200
2025-10-27 19:52:14,230 [INFO] ServerAccessManage:509 - Download File STMicroelectronics.X-CUBE-NFC9.pdsc
2025-10-27 19:52:14,701 [INFO] ServerAccessManage:452 - Complete download http(s) 200
2025-10-27 19:52:14,701 [INFO] ServerAccessManage:509 - Download File STMicroelectronics.X-CUBE-NFC10.pdsc
2025-10-27 19:52:15,230 [INFO] ServerAccessManage:452 - Complete download http(s) 200
2025-10-27 19:52:15,231 [INFO] ServerAccessManage:509 - Download File STMicroelectronics.X-CUBE-NFC12.pdsc
2025-10-27 19:52:15,762 [INFO] ServerAccessManage:452 - Complete download http(s) 200
2025-10-27 19:52:15,762 [INFO] ServerAccessManage:509 - Download File STMicroelectronics.X-CUBE-SFXS2LP1.pdsc
2025-10-27 19:52:17,375 [INFO] ServerAccessManage:452 - Complete download http(s) 200
2025-10-27 19:52:17,376 [INFO] ServerAccessManage:509 - Download File STMicroelectronics.X-CUBE-SAFEA1.pdsc
2025-10-27 19:52:17,913 [INFO] ServerAccessManage:452 - Complete download http(s) 200
2025-10-27 19:52:17,913 [INFO] ServerAccessManage:509 - Download File STMicroelectronics.X-CUBE-SUBG2.pdsc
2025-10-27 19:52:21,245 [INFO] ServerAccessManage:452 - Complete download http(s) 200
2025-10-27 19:52:21,245 [INFO] ServerAccessManage:509 - Download File STMicroelectronics.X-CUBE-SMBUS.pdsc
2025-10-27 19:52:22,358 [ERROR] ServerAccessManage:1212 - Problem, file not found on Server
2025-10-27 19:52:22,589 [INFO] ServerAccessManage:452 - Complete download http(s) 200
2025-10-27 19:52:22,589 [INFO] ServerAccessManage:509 - Download File STMicroelectronics.X-CUBE-ST60.pdsc
2025-10-27 19:52:23,565 [INFO] ServerAccessManage:452 - Complete download http(s) 200
2025-10-27 19:52:23,565 [INFO] ServerAccessManage:509 - Download File STMicroelectronics.X-CUBE-ST67W61.pdsc
2025-10-27 19:52:23,971 [INFO] ServerAccessManage:452 - Complete download http(s) 200
2025-10-27 19:52:23,971 [INFO] ServerAccessManage:509 - Download File STMicroelectronics.X-CUBE-STSE01.pdsc
2025-10-27 19:52:24,398 [INFO] ServerAccessManage:452 - Complete download http(s) 200
2025-10-27 19:52:24,398 [INFO] ServerAccessManage:509 - Download File STMicroelectronics.X-CUBE-PM33A1.pdsc
2025-10-27 19:52:24,904 [INFO] ServerAccessManage:452 - Complete download http(s) 200
2025-10-27 19:52:24,904 [INFO] ServerAccessManage:509 - Download File STMicroelectronics.X-CUBE-TCPP.pdsc
2025-10-27 19:52:25,019 [ERROR] ExternalUserPreferencesManager:606 - Error while get path from external application: Cannot invoke "com.st.stm32cube.common.mx.MxActivator.getBundle()" because the return value of "com.st.stm32cube.common.mx.MxActivator.getDefault()" is null
2025-10-27 19:52:25,019 [ERROR] ExternalUserPreferencesManager:336 - Error while get preference info from external application: Cannot invoke "com.st.stm32cube.common.mx.MxActivator.getBundle()" because the return value of "com.st.stm32cube.common.mx.MxActivator.getDefault()" is null
2025-10-27 19:52:25,019 [ERROR] ExternalUserPreferencesManager:560 - Error while get preference info from external application: Cannot invoke "com.st.stm32cube.common.mx.MxActivator.getBundle()" because the return value of "com.st.stm32cube.common.mx.MxActivator.getDefault()" is null
2025-10-27 19:52:25,093 [ERROR] LogOutputStream:75 - [STDERR_REDIRECT] 
2025-10-27 19:53:34,359 [INFO] Activator:176 - 


2025-10-27 19:53:34,360 [INFO] Activator:177 - !SESSION log4j initialized
2025-10-27 19:53:35,598 [INFO] LogOutputStream:77 - [STDOUT_REDIRECT] 
2025-10-27 19:53:41,519 [INFO] ApplicationProperties:184 - Using Application install path: /opt/st/stm32cubeide_1.19.0/plugins/com.st.stm32cube.common.mx_6.15.0.202507011659
2025-10-27 19:53:41,529 [INFO] DbMcusXml:78 - Set database path to: /opt/st/stm32cubeide_1.19.0/plugins/com.st.stm32cube.common.mx_6.15.0.202507011659//db//mcu/
2025-10-27 19:53:41,529 [INFO] ApiDb:274 - Set plugin database path to: /opt/st/stm32cubeide_1.19.0/plugins/com.st.stm32cube.common.mx_6.15.0.202507011659//db//plugins/boardmanager/
2025-10-27 19:53:41,529 [WARN] ApiDb:259 - Overriding images path with different value:  => /opt/st/stm32cubeide_1.19.0/plugins/com.st.stm32cube.common.mx_6.15.0.202507011659//db//plugins/mcufinder/images/
2025-10-27 19:53:41,532 [INFO] ApiDb:250 - Set database path to: /home/minhquoc/.stmcufinder/plugins/mcufinder//mcu/
2025-10-27 19:53:41,532 [INFO] DbMcusAds:125 - Set database path to: /home/minhquoc/.stmcufinder/plugins/mcufinder//mcu/
2025-10-27 19:53:42,535 [INFO] CrossReferenceDbSqlite:203 - Set database path to: /home/minhquoc/.stmcufinder/plugins/mcufinder//mcu/cs/
2025-10-27 19:53:42,611 [INFO] RulesReader:64 - Compatibility file has been processed (317 Rules)
2025-10-27 19:53:42,646 [INFO] DbMcusXml:78 - Set database path to: /opt/st/stm32cubeide_1.19.0/plugins/com.st.stm32cube.common.mx_6.15.0.202507011659//db//mcu/
2025-10-27 19:53:42,647 [INFO] ApiDb:274 - Set plugin database path to: /opt/st/stm32cubeide_1.19.0/plugins/com.st.stm32cube.common.mx_6.15.0.202507011659//db//plugins/boardmanager/
2025-10-27 19:53:42,647 [INFO] ApiDb:261 - Set plugin images path to: /opt/st/stm32cubeide_1.19.0/plugins/com.st.stm32cube.common.mx_6.15.0.202507011659//db//plugins/mcufinder/images/
2025-10-27 19:53:42,647 [WARN] DbFile:41 - Overriding database path with different value: /home/minhquoc/.stmcufinder/plugins/mcufinder/ => /home/minhquoc/.stmcufinder/plugins/mcufinder
2025-10-27 19:53:42,647 [INFO] ApiDb:250 - Set database path to: /home/minhquoc/.stmcufinder/plugins/mcufinder//mcu/
2025-10-27 19:53:42,647 [WARN] DbFile:41 - Overriding database path with different value: /home/minhquoc/.stmcufinder/plugins/mcufinder/ => /home/minhquoc/.stmcufinder/plugins/mcufinder
2025-10-27 19:53:42,647 [INFO] DbMcusAds:125 - Set database path to: /home/minhquoc/.stmcufinder/plugins/mcufinder//mcu/
2025-10-27 19:53:42,647 [WARN] DbFile:41 - Overriding database path with different value: /home/minhquoc/.stmcufinder/plugins/mcufinder/ => /home/minhquoc/.stmcufinder/plugins/mcufinder
2025-10-27 19:53:42,647 [WARN] DbFile:41 - Overriding database path with different value: /home/minhquoc/.stmcufinder/plugins/mcufinder/ => /home/minhquoc/.stmcufinder/plugins/mcufinder
2025-10-27 19:53:43,649 [INFO] CrossReferenceDbSqlite:203 - Set database path to: /home/minhquoc/.stmcufinder/plugins/mcufinder//mcu/cs/
2025-10-27 19:53:43,689 [INFO] MainPanel:274 - HeapMemory: 268435456
2025-10-27 19:53:43,775 [INFO] DbMcusXml:78 - Set database path to: /opt/st/stm32cubeide_1.19.0/plugins/com.st.stm32cube.common.mx_6.15.0.202507011659//db//mcu/
2025-10-27 19:53:43,775 [INFO] ApiDb:274 - Set plugin database path to: /opt/st/stm32cubeide_1.19.0/plugins/com.st.stm32cube.common.mx_6.15.0.202507011659//db//plugins/boardmanager/
2025-10-27 19:53:43,775 [INFO] ApiDb:261 - Set plugin images path to: /opt/st/stm32cubeide_1.19.0/plugins/com.st.stm32cube.common.mx_6.15.0.202507011659//db//plugins/mcufinder/images/
2025-10-27 19:53:43,775 [WARN] DbFile:41 - Overriding database path with different value: /home/minhquoc/.stmcufinder/plugins/mcufinder/ => /home/minhquoc/.stmcufinder/plugins/mcufinder
2025-10-27 19:53:43,775 [INFO] ApiDb:250 - Set database path to: /home/minhquoc/.stmcufinder/plugins/mcufinder//mcu/
2025-10-27 19:53:43,775 [WARN] DbFile:41 - Overriding database path with different value: /home/minhquoc/.stmcufinder/plugins/mcufinder/ => /home/minhquoc/.stmcufinder/plugins/mcufinder
2025-10-27 19:53:43,776 [INFO] DbMcusAds:125 - Set database path to: /home/minhquoc/.stmcufinder/plugins/mcufinder//mcu/
2025-10-27 19:53:43,776 [WARN] DbFile:41 - Overriding database path with different value: /home/minhquoc/.stmcufinder/plugins/mcufinder/ => /home/minhquoc/.stmcufinder/plugins/mcufinder
2025-10-27 19:53:43,776 [WARN] DbFile:41 - Overriding database path with different value: /home/minhquoc/.stmcufinder/plugins/mcufinder/ => /home/minhquoc/.stmcufinder/plugins/mcufinder
2025-10-27 19:53:44,776 [INFO] CrossReferenceDbSqlite:203 - Set database path to: /home/minhquoc/.stmcufinder/plugins/mcufinder//mcu/cs/
2025-10-27 19:53:44,794 [INFO] ApplicationProperties:184 - Using Application install path: /opt/st/stm32cubeide_1.19.0/plugins/com.st.stm32cube.common.mx_6.15.0.202507011659
2025-10-27 19:53:44,796 [INFO] PluginManage:196 - Search for loadable plugins [exclusion list=, ]
2025-10-27 19:53:44,796 [INFO] PluginManage:310 - Check plugin analytics
2025-10-27 19:53:45,908 [INFO] AnalyticsPlugin:253 - Accepted Software Licenses: 
2025-10-27 19:53:45,908 [INFO] AnalyticsPlugin:255 - Accepted CMSIS Pack Licenses: 
2025-10-27 19:53:45,908 [INFO] AnalyticsPlugin:257 - Accepted Firmware Licenses: 
2025-10-27 19:53:45,909 [INFO] PluginManage:359 - Loaded plugin analytics (category:tool,tabindex:-1)
2025-10-27 19:53:45,909 [INFO] PluginManage:310 - Check plugin cadmodel
2025-10-27 19:53:45,911 [INFO] CADModel:105 - Init CAD model plugin
2025-10-27 19:53:45,911 [INFO] PluginManage:359 - Loaded plugin cadmodel (category:power,tabindex:5)
2025-10-27 19:53:45,911 [INFO] PluginManage:310 - Check plugin clock
2025-10-27 19:53:45,916 [INFO] PluginManage:359 - Loaded plugin clock (category:base,tabindex:2)
2025-10-27 19:53:45,916 [INFO] PluginManage:310 - Check plugin ddr
2025-10-27 19:53:45,917 [INFO] PluginManage:359 - Loaded plugin ddr (category:tool,tabindex:6)
2025-10-27 19:53:45,917 [INFO] PluginManage:310 - Check plugin filemanager
2025-10-27 19:53:46,004 [INFO] PluginManage:359 - Loaded plugin filemanager (category:base,tabindex:10)
2025-10-27 19:53:46,004 [INFO] PluginManage:310 - Check plugin ipmanager
2025-10-27 19:53:46,007 [INFO] PluginManage:359 - Loaded plugin ipmanager (category:base,tabindex:5)
2025-10-27 19:53:46,007 [INFO] PluginManage:310 - Check plugin lpbam
2025-10-27 19:53:46,014 [INFO] PluginManage:359 - Loaded plugin lpbam (category:base,tabindex:0)
2025-10-27 19:53:46,014 [INFO] PluginManage:310 - Check plugin memorymap
2025-10-27 19:53:46,021 [INFO] PluginManage:359 - Loaded plugin memorymap (category:base,tabindex:4)
2025-10-27 19:53:46,021 [INFO] PluginManage:310 - Check plugin pinoutandconfiguration
2025-10-27 19:53:46,026 [INFO] PluginManage:359 - Loaded plugin pinoutandconfiguration (category:base,tabindex:1)
2025-10-27 19:53:46,026 [INFO] PluginManage:310 - Check plugin pinoutconfig
2025-10-27 19:53:46,081 [WARN] SupportedApi:132 - Cannot load RTOS API schema: s4s-elt-must-match.1: The content of 'definitions' must match (annotation?, (simpleType | complexType)?, (unique | key | keyref)*)). A problem was found starting at: attribute.
2025-10-27 19:53:46,200 [INFO] PluginManage:359 - Loaded plugin pinoutconfig (category:base,tabindex:0)
2025-10-27 19:53:46,200 [INFO] PluginManage:310 - Check plugin power
2025-10-27 19:53:46,205 [INFO] PluginManage:359 - Loaded plugin power (category:power,tabindex:4)
2025-10-27 19:53:46,205 [INFO] PluginManage:310 - Check plugin projectmanager
2025-10-27 19:53:46,214 [INFO] PluginManage:359 - Loaded plugin projectmanager (category:projectmanager,tabindex:4)
2025-10-27 19:53:46,214 [INFO] PluginManage:310 - Check plugin rif
2025-10-27 19:53:46,219 [INFO] PluginManage:359 - Loaded plugin rif (category:base,tabindex:3)
2025-10-27 19:53:46,219 [INFO] PluginManage:310 - Check plugin thirdparty
2025-10-27 19:53:46,276 [INFO] PluginManage:359 - Loaded plugin thirdparty (category:base,tabindex:-1)
2025-10-27 19:53:46,276 [WARN] IntegrityCheckThread:84 - waiting for thirdparty lock release [integrity check]
2025-10-27 19:53:46,276 [INFO] PluginManage:310 - Check plugin tools
2025-10-27 19:53:46,276 [INFO] IntegrityCheckThread:86 - entering critical section [integrity check]
2025-10-27 19:53:46,276 [INFO] ThirdPartyUpdaterWithRetryManager:70 - Updater plugin not ready yet. [1/15]
2025-10-27 19:53:46,277 [INFO] PluginManage:359 - Loaded plugin tools (category:base,tabindex:7)
2025-10-27 19:53:46,277 [INFO] PluginManage:310 - Check plugin tutovideos
2025-10-27 19:53:46,373 [INFO] PluginManage:359 - Loaded plugin tutovideos (category:base,tabindex:-1)
2025-10-27 19:53:46,373 [INFO] PluginManage:310 - Check plugin updater
2025-10-27 19:53:46,386 [INFO] PluginManage:359 - Loaded plugin updater (category:base,tabindex:12)
2025-10-27 19:53:46,386 [INFO] PluginManage:310 - Check plugin userauth
2025-10-27 19:53:46,388 [INFO] UserAuth:118 - Init User Auth plugin
2025-10-27 19:53:46,389 [INFO] PluginManage:359 - Loaded plugin userauth (category:base,tabindex:14)
2025-10-27 19:53:46,389 [INFO] PluginManage:283 - PluginManage : Loaded plugins [18]
2025-10-27 19:53:46,484 [INFO] PinOutPanel:1589 - setPackage(No Configuration,No Configuration)
2025-10-27 19:53:46,526 [INFO] CADModel:165 - CPN selected for project level
2025-10-27 19:53:46,526 [INFO] CADModel:114 - Register for checkConnection events
2025-10-27 19:53:46,532 [INFO] IPUIPlugin:80 - create IPUIPlugin
2025-10-27 19:53:46,533 [INFO] PluginManager:220 - loadIPPluginJar : add fatfs
2025-10-27 19:53:46,536 [INFO] IPUIPlugin:80 - create IPUIPlugin
2025-10-27 19:53:46,537 [INFO] PluginManager:220 - loadIPPluginJar : add mdma
2025-10-27 19:53:46,539 [INFO] IPUIPlugin:80 - create IPUIPlugin
2025-10-27 19:53:46,539 [INFO] PluginManager:220 - loadIPPluginJar : add cryp
2025-10-27 19:53:46,541 [INFO] IPUIPlugin:80 - create IPUIPlugin
2025-10-27 19:53:46,541 [INFO] PluginManager:220 - loadIPPluginJar : add hash
2025-10-27 19:53:46,545 [INFO] IPUIPlugin:80 - create IPUIPlugin
2025-10-27 19:53:46,546 [INFO] PluginManager:220 - loadIPPluginJar : add adc
2025-10-27 19:53:46,548 [INFO] IPUIPlugin:80 - create IPUIPlugin
2025-10-27 19:53:46,549 [INFO] PluginManager:220 - loadIPPluginJar : add gic
2025-10-27 19:53:46,550 [INFO] IPUIPlugin:80 - create IPUIPlugin
2025-10-27 19:53:46,550 [INFO] PluginManager:220 - loadIPPluginJar : add genericplugin
2025-10-27 19:53:46,550 [INFO] IPUIPlugin:80 - create IPUIPlugin
2025-10-27 19:53:46,550 [INFO] PluginManager:220 - loadIPPluginJar : add tsc
2025-10-27 19:53:46,554 [INFO] IPUIPlugin:80 - create IPUIPlugin
2025-10-27 19:53:46,555 [INFO] PluginManager:220 - loadIPPluginJar : add plateformsettings
2025-10-27 19:53:46,559 [INFO] IPUIPlugin:80 - create IPUIPlugin
2025-10-27 19:53:46,559 [INFO] PluginManager:220 - loadIPPluginJar : add stm32_wpan
2025-10-27 19:53:46,560 [INFO] IPUIPlugin:80 - create IPUIPlugin
2025-10-27 19:53:46,560 [INFO] PluginManager:220 - loadIPPluginJar : add spi
2025-10-27 19:53:46,562 [INFO] IPUIPlugin:80 - create IPUIPlugin
2025-10-27 19:53:46,562 [INFO] PluginManager:220 - loadIPPluginJar : add can
2025-10-27 19:53:46,563 [INFO] IPUIPlugin:80 - create IPUIPlugin
2025-10-27 19:53:46,563 [INFO] PluginManager:220 - loadIPPluginJar : add usart
2025-10-27 19:53:46,566 [INFO] IPUIPlugin:80 - create IPUIPlugin
2025-10-27 19:53:46,566 [INFO] PluginManager:220 - loadIPPluginJar : add fmc
2025-10-27 19:53:46,568 [INFO] IPUIPlugin:80 - create IPUIPlugin
2025-10-27 19:53:46,568 [INFO] PluginManager:220 - loadIPPluginJar : add lorawan
2025-10-27 19:53:46,569 [INFO] IPUIPlugin:80 - create IPUIPlugin
2025-10-27 19:53:46,569 [INFO] PluginManager:220 - loadIPPluginJar : add comp
2025-10-27 19:53:46,570 [INFO] IPUIPlugin:80 - create IPUIPlugin
2025-10-27 19:53:46,570 [INFO] PluginManager:220 - loadIPPluginJar : add aes
2025-10-27 19:53:46,571 [INFO] IPUIPlugin:80 - create IPUIPlugin
2025-10-27 19:53:46,571 [INFO] PluginManager:220 - loadIPPluginJar : add ltdc
2025-10-27 19:53:46,572 [INFO] IPUIPlugin:80 - create IPUIPlugin
2025-10-27 19:53:46,572 [INFO] PluginManager:220 - loadIPPluginJar : add ts
2025-10-27 19:53:46,573 [INFO] IPUIPlugin:80 - create IPUIPlugin
2025-10-27 19:53:46,573 [INFO] PluginManager:220 - loadIPPluginJar : add i2s
2025-10-27 19:53:46,575 [INFO] IPUIPlugin:80 - create IPUIPlugin
2025-10-27 19:53:46,575 [INFO] PluginManager:220 - loadIPPluginJar : add ipddr
2025-10-27 19:53:46,576 [INFO] IPUIPlugin:80 - create IPUIPlugin
2025-10-27 19:53:46,576 [INFO] PluginManager:220 - loadIPPluginJar : add quadspi
2025-10-27 19:53:46,576 [INFO] IPUIPlugin:80 - create IPUIPlugin
2025-10-27 19:53:46,577 [INFO] PluginManager:220 - loadIPPluginJar : add ucpd
2025-10-27 19:53:46,578 [INFO] IPUIPlugin:80 - create IPUIPlugin
2025-10-27 19:53:46,578 [INFO] PluginManager:220 - loadIPPluginJar : add usbx
2025-10-27 19:53:46,579 [INFO] IPUIPlugin:80 - create IPUIPlugin
2025-10-27 19:53:46,579 [INFO] PluginManager:220 - loadIPPluginJar : add gfxmmu
2025-10-27 19:53:46,580 [INFO] IPUIPlugin:80 - create IPUIPlugin
2025-10-27 19:53:46,580 [INFO] PluginManager:220 - loadIPPluginJar : add i2c
2025-10-27 19:53:46,581 [INFO] IPUIPlugin:80 - create IPUIPlugin
2025-10-27 19:53:46,581 [INFO] PluginManager:220 - loadIPPluginJar : add dma3
2025-10-27 19:53:46,583 [INFO] IPUIPlugin:80 - create IPUIPlugin
2025-10-27 19:53:46,583 [INFO] PluginManager:220 - loadIPPluginJar : add gpio
2025-10-27 19:53:46,585 [INFO] IPUIPlugin:80 - create IPUIPlugin
2025-10-27 19:53:46,585 [INFO] PluginManager:220 - loadIPPluginJar : add gtzc
2025-10-27 19:53:46,586 [INFO] IPUIPlugin:80 - create IPUIPlugin
2025-10-27 19:53:46,587 [INFO] PluginManager:220 - loadIPPluginJar : add touchsensing
2025-10-27 19:53:46,588 [INFO] IPUIPlugin:80 - create IPUIPlugin
2025-10-27 19:53:46,588 [INFO] PluginManager:220 - loadIPPluginJar : add resmgrutility
2025-10-27 19:53:46,589 [INFO] IPUIPlugin:80 - create IPUIPlugin
2025-10-27 19:53:46,589 [INFO] PluginManager:220 - loadIPPluginJar : add dfsdm
2025-10-27 19:53:46,590 [INFO] IPUIPlugin:80 - create IPUIPlugin
2025-10-27 19:53:46,591 [INFO] PluginManager:220 - loadIPPluginJar : add extmemmanager
2025-10-27 19:53:46,592 [INFO] IPUIPlugin:80 - create IPUIPlugin
2025-10-27 19:53:46,592 [INFO] PluginManager:220 - loadIPPluginJar : add openamp
2025-10-27 19:53:46,593 [INFO] IPUIPlugin:80 - create IPUIPlugin
2025-10-27 19:53:46,593 [INFO] PluginManager:220 - loadIPPluginJar : add sai
2025-10-27 19:53:46,596 [INFO] IPUIPlugin:80 - create IPUIPlugin
2025-10-27 19:53:46,596 [INFO] PluginManager:220 - loadIPPluginJar : add linkedlist
2025-10-27 19:53:46,597 [INFO] IPUIPlugin:80 - create IPUIPlugin
2025-10-27 19:53:46,598 [INFO] PluginManager:220 - loadIPPluginJar : add pdm2pcm
2025-10-27 19:53:46,600 [INFO] IPUIPlugin:80 - create IPUIPlugin
2025-10-27 19:53:46,600 [INFO] PluginManager:220 - loadIPPluginJar : add dma
2025-10-27 19:53:46,603 [INFO] IPUIPlugin:80 - create IPUIPlugin
2025-10-27 19:53:46,603 [INFO] PluginManager:220 - loadIPPluginJar : add freertos
2025-10-27 19:53:46,604 [INFO] IPUIPlugin:80 - create IPUIPlugin
2025-10-27 19:53:46,604 [INFO] PluginManager:220 - loadIPPluginJar : add tracer_emb
2025-10-27 19:53:46,605 [INFO] IPUIPlugin:80 - create IPUIPlugin
2025-10-27 19:53:46,605 [INFO] PluginManager:220 - loadIPPluginJar : add opamp
2025-10-27 19:53:46,606 [INFO] IPUIPlugin:80 - create IPUIPlugin
2025-10-27 19:53:46,606 [INFO] PluginManager:220 - loadIPPluginJar : add radio
2025-10-27 19:53:46,607 [INFO] IPUIPlugin:80 - create IPUIPlugin
2025-10-27 19:53:46,607 [INFO] PluginManager:220 - loadIPPluginJar : add ddr_ctrl_phy
2025-10-27 19:53:46,607 [INFO] IPUIPlugin:80 - create IPUIPlugin
2025-10-27 19:53:46,607 [INFO] PluginManager:220 - loadIPPluginJar : add tim
2025-10-27 19:53:46,609 [INFO] IPUIPlugin:80 - create IPUIPlugin
2025-10-27 19:53:46,609 [INFO] PluginManager:220 - loadIPPluginJar : add nvic
2025-10-27 19:53:46,610 [INFO] IPUIPlugin:80 - create IPUIPlugin
2025-10-27 19:53:46,610 [INFO] PluginManager:220 - loadIPPluginJar : add i3c
2025-10-27 19:53:46,701 [FATAL] Updater:351 - Updater called before beeing initialized
2025-10-27 19:53:46,724 [INFO] RulesReader:64 - Compatibility file has been processed (317 Rules)
2025-10-27 19:53:46,731 [INFO] RulesReader:64 - Compatibility file has been processed (317 Rules)
2025-10-27 19:53:46,735 [INFO] CADModel:165 - CPN selected for project level
2025-10-27 19:53:46,735 [INFO] CADModel:114 - Register for checkConnection events
2025-10-27 19:53:46,736 [FATAL] Updater:351 - Updater called before beeing initialized
2025-10-27 19:53:46,736 [ERROR] CADModel:125 - Updater not yet initialized, retry later 
2025-10-27 19:53:46,794 [FATAL] Updater:351 - Updater called before beeing initialized
2025-10-27 19:53:46,795 [INFO] CADModel:165 - CPN selected for project level
2025-10-27 19:53:46,795 [INFO] CADModel:114 - Register for checkConnection events
2025-10-27 19:53:46,795 [FATAL] Updater:351 - Updater called before beeing initialized
2025-10-27 19:53:46,795 [ERROR] CADModel:125 - Updater not yet initialized, retry later 
2025-10-27 19:53:46,797 [FATAL] Updater:351 - Updater called before beeing initialized
2025-10-27 19:53:46,839 [FATAL] Updater:351 - Updater called before beeing initialized
2025-10-27 19:53:46,841 [INFO] DbMcusAds:53 - JSON generation date=Thu Sep 30 13:55:09 ICT 2021 (1632984909247)
2025-10-27 19:53:46,841 [FATAL] Updater:351 - Updater called before beeing initialized
2025-10-27 19:53:46,860 [WARN] DetailPanel:346 - Failed to get advertising image, set to default
2025-10-27 19:53:46,903 [FATAL] Updater:351 - Updater called before beeing initialized
2025-10-27 19:53:46,904 [FATAL] Updater:351 - Updater called before beeing initialized
2025-10-27 19:53:46,904 [FATAL] Updater:351 - Updater called before beeing initialized
2025-10-27 19:53:46,904 [WARN] DetailPanel:346 - Failed to get advertising image, set to default
2025-10-27 19:53:46,905 [FATAL] Updater:351 - Updater called before beeing initialized
2025-10-27 19:53:46,923 [ERROR] Updater:1198 - MainUpdater not yet initialized. External WinMGr cannot be set.
2025-10-27 19:53:46,924 [INFO] Updater:1134 - Updater Version found : 6.15.0
2025-10-27 19:53:46,933 [INFO] ApplicationProperties:184 - Using Application install path: /opt/st/stm32cubeide_1.19.0/plugins/com.st.stm32cube.common.mx_6.15.0.202507011659
2025-10-27 19:53:46,940 [ERROR] LogOutputStream:75 - [STDERR_REDIRECT] Oct 27, 2025 7:53:46 PM java.util.prefs.FileSystemPreferences$2 run
2025-10-27 19:53:46,941 [ERROR] LogOutputStream:75 - [STDERR_REDIRECT] WARNING: Could not create system preferences directory. System preferences are unusable.
2025-10-27 19:53:46,941 [ERROR] LogOutputStream:75 - [STDERR_REDIRECT] 
2025-10-27 19:53:47,322 [INFO] MainUpdater:2872 - connection check result : 10
2025-10-27 19:53:47,322 [INFO] MainUpdater:3604 - Updater definition file requires update
2025-10-27 19:53:47,323 [INFO] MainUpdater:289 - Updater Check For Update Now.
2025-10-27 19:53:47,324 [INFO] MicroXplorer:498 - Change Database Version : DB.6.0.150
2025-10-27 19:53:47,329 [INFO] McuFinderGlobals:63 - Set McuFinder mode to 2 (CubeIDE integrated)
2025-10-27 19:53:47,329 [INFO] UserAuth:171 - activating auth plugin
2025-10-27 19:53:47,331 [INFO] UserAuth:487 - Internet connection configuration mode: 1
2025-10-27 19:53:47,339 [INFO] JxBrowserEngine:152 - Initiate JxBrowser Engine with user profile folder
2025-10-27 19:53:47,493 [INFO] ServerAccessManage:452 - Complete download http(s) 200
2025-10-27 19:53:47,494 [INFO] ServerAccessManage:509 - Download File updaters.zip
2025-10-27 19:53:47,657 [INFO] WebApp:169 - Instantiating new browser for Auth
2025-10-27 19:53:47,835 [INFO] FileExtend:248 - Unzip File : updaters.zip
2025-10-27 19:53:47,835 [INFO] FileExtend:263 - Standard Zip Deflate
2025-10-27 19:53:48,062 [INFO] WebApp:463 - Apply proxy settings
2025-10-27 19:53:48,062 [INFO] WebApp:548 - Chromium requires no authentication
2025-10-27 19:53:48,068 [INFO] WebApp:491 - Direct internet connection detected
2025-10-27 19:53:48,078 [INFO] ServerAccessManage:452 - Complete download http(s) 200
2025-10-27 19:53:48,078 [INFO] ServerAccessManage:509 - Download File PacksControlFlags.xml
2025-10-27 19:53:48,083 [INFO] WebApp:900 - Register for checkConnection events
2025-10-27 19:53:48,083 [INFO] WebApp:463 - Apply proxy settings
2025-10-27 19:53:48,083 [INFO] WebApp:548 - Chromium requires no authentication
2025-10-27 19:53:48,084 [INFO] WebApp:491 - Direct internet connection detected
2025-10-27 19:53:48,169 [INFO] WebApp:225 - Starting web application
2025-10-27 19:53:48,169 [INFO] WebApp:593 - Web application path used /opt/st/stm32cubeide_1.19.0/plugins/com.st.stm32cube.common.mx_6.15.0.202507011659/db/plugins/mcufinder/reactClient1/index.html
2025-10-27 19:53:48,250 [INFO] ServerAccessManage:452 - Complete download http(s) 200
2025-10-27 19:53:48,251 [INFO] ServerAccessManage:509 - Download File cubemx.pidx
2025-10-27 19:53:48,308 [INFO] LoadServerUpdatesThread:375 - End of LoadServerUpdate Thread
2025-10-27 19:53:48,341 [WARN] CheckServerUpdateThread:151 - Open CheckUpdateFile Fail
2025-10-27 19:53:48,342 [INFO] WebApp:191 - Connection restablished
2025-10-27 19:53:48,460 [INFO] CheckServerUpdateThread:120 - End of CheckServer Thread
2025-10-27 19:53:49,351 [WARN] PackLoader:240 - Cannot read IP mode file for STMicroelectronics.FP-SNS-MOTENVWB1.1.4.0
2025-10-27 19:53:49,356 [WARN] PackLoader:240 - Cannot read IP mode file for STMicroelectronics.FP-ATR-ASTRA1.2.0.2
2025-10-27 19:53:49,360 [WARN] PackLoader:240 - Cannot read IP mode file for STMicroelectronics.X-CUBE-SMBUS.2.1.0
2025-10-27 19:53:49,369 [WARN] PackLoader:240 - Cannot read IP mode file for STMicroelectronics.X-CUBE-DISPLAY.3.0.0
2025-10-27 19:53:49,385 [WARN] PackLoader:240 - Cannot read IP mode file for STMicroelectronics.X-CUBE-NFC10.1.0.0
2025-10-27 19:53:49,392 [WARN] PackLoader:240 - Cannot read IP mode file for STMicroelectronics.FP-SNS-SMARTAG2.1.2.0
2025-10-27 19:53:49,395 [WARN] PackLoader:240 - Cannot read IP mode file for STMicroelectronics.FP-SNS-FLIGHT1.5.1.0
2025-10-27 19:53:49,400 [WARN] PackLoader:240 - Cannot read IP mode file for STMicroelectronics.FP-SNS-MOTENV1.5.0.0
2025-10-27 19:53:49,406 [WARN] PackLoader:240 - Cannot read IP mode file for STMicroelectronics.X-CUBE-BLE2.3.3.0
2025-10-27 19:53:49,413 [WARN] PackLoader:240 - Cannot read IP mode file for STMicroelectronics.X-CUBE-NFC9.1.0.0
2025-10-27 19:53:49,418 [WARN] PackLoader:240 - Cannot read IP mode file for STMicroelectronics.X-CUBE-BLE1.7.1.0
2025-10-27 19:53:49,424 [WARN] PackLoader:240 - Cannot read IP mode file for STMicroelectronics.X-CUBE-SAFEA1.1.2.2
2025-10-27 19:53:49,429 [WARN] PackLoader:240 - Cannot read IP mode file for STMicroelectronics.X-CUBE-NFC4.3.0.0
2025-10-27 19:53:49,434 [WARN] PackLoader:240 - Cannot read IP mode file for STMicroelectronics.X-CUBE-TCPP.4.2.0
2025-10-27 19:53:49,438 [WARN] PackLoader:240 - Cannot read IP mode file for STMicroelectronics.FP-ATR-SIGFOX1.3.2.0
2025-10-27 19:53:49,480 [WARN] PackLoader:240 - Cannot read IP mode file for STMicroelectronics.X-CUBE-MEMS1.11.3.0
2025-10-27 19:53:49,576 [WARN] PackLoader:240 - Cannot read IP mode file for STMicroelectronics.X-CUBE-PM33A1.1.0.0
2025-10-27 19:53:49,579 [WARN] PackLoader:240 - Cannot read IP mode file for STMicroelectronics.X-CUBE-ISPU.2.1.0
2025-10-27 19:53:49,585 [WARN] PackLoader:240 - Cannot read IP mode file for STMicroelectronics.X-CUBE-NFC6.3.1.0
2025-10-27 19:53:49,589 [WARN] PackLoader:240 - Cannot read IP mode file for STMicroelectronics.X-CUBE-FREERTOS.1.3.1
2025-10-27 19:53:49,593 [WARN] PackLoader:240 - Cannot read IP mode file for STMicroelectronics.X-CUBE-DPower.1.3.0
2025-10-27 19:53:49,596 [WARN] PackLoader:240 - Cannot read IP mode file for STMicroelectronics.X-CUBE-SFXS2LP1.4.0.0
2025-10-27 19:53:49,600 [WARN] PackLoader:240 - Cannot read IP mode file for STMicroelectronics.X-CUBE-GNSS1.7.0.1
2025-10-27 19:53:49,606 [WARN] PackLoader:240 - Cannot read IP mode file for STMicroelectronics.X-CUBE-SUBG2.5.0.0
2025-10-27 19:53:49,612 [WARN] PackLoader:240 - Cannot read IP mode file for STMicroelectronics.X-CUBE-NFC7.2.0.0
2025-10-27 19:53:49,615 [WARN] PackLoader:240 - Cannot read IP mode file for STMicroelectronics.X-CUBE-ALS.1.0.2
2025-10-27 19:53:49,621 [WARN] PackLoader:240 - Cannot read IP mode file for STMicroelectronics.X-CUBE-TOF1.3.4.3
2025-10-27 19:53:49,629 [INFO] ThirdParty:978 - Integrity check success = true
2025-10-27 19:53:49,629 [INFO] IntegrityCheckThread:100 - exiting critical section [integrity check]
2025-10-27 19:53:49,629 [INFO] IntegrityCheckThread:103 - End integrity checks thread
2025-10-27 19:54:06,064 [ERROR] LogOutputStream:75 - [STDERR_REDIRECT] Oct 27, 2025 7:54:06 PM java.util.prefs.FileSystemPreferences checkLockFile0ErrorCode
2025-10-27 19:54:06,064 [ERROR] LogOutputStream:75 - [STDERR_REDIRECT] WARNING: Could not lock System prefs. Unix error code 2.
2025-10-27 19:54:06,064 [ERROR] LogOutputStream:75 - [STDERR_REDIRECT] 
2025-10-27 19:54:06,064 [ERROR] LogOutputStream:75 - [STDERR_REDIRECT] Oct 27, 2025 7:54:06 PM java.util.prefs.FileSystemPreferences syncWorld
2025-10-27 19:54:06,064 [ERROR] LogOutputStream:75 - [STDERR_REDIRECT] WARNING: Couldn't flush system prefs: java.util.prefs.BackingStoreException: Couldn't get file lock.
2025-10-27 19:54:06,064 [ERROR] LogOutputStream:75 - [STDERR_REDIRECT] 
2025-10-27 19:54:15,705 [ERROR] LogOutputStream:75 - [STDERR_REDIRECT] 
2025-10-27 19:54:15,706 [ERROR] LogOutputStream:75 - [STDERR_REDIRECT] 
